2025-06-23 20:51:04,581 - INFO - ================================================================================
2025-06-23 20:51:04,582 - INFO - 增强版股票扫描定时任务启动
2025-06-23 20:51:04,582 - INFO - 启动时间 (北京时间): 2025-06-24 11:51:04 CST
2025-06-23 20:51:04,582 - INFO - ================================================================================
2025-06-23 20:51:04,582 - INFO - 设置增强版定时任务 (基于北京时间)...
2025-06-23 20:51:04,584 - INFO - 增强版定时任务设置完成:
2025-06-23 20:51:04,584 - INFO - 工作日扫描时间表 (北京时间):
2025-06-23 20:51:04,584 - INFO - - 盘前早期扫描: 8:30 (顺序执行，适合获取隔夜消息)
2025-06-23 20:51:04,584 - INFO - - 盘前扫描: 9:00 (并行执行，开盘前最后扫描)
2025-06-23 20:51:04,584 - INFO - - 盘中扫描: 10:30 (并行执行，上午交易时段中期)
2025-06-23 20:51:04,585 - INFO - - 下午盘中扫描: 14:00 (并行执行，下午开盘后)
2025-06-23 20:51:04,585 - INFO - - 盘后扫描: 15:30 (顺序执行，收盘后立即扫描)
2025-06-23 20:51:04,585 - INFO - - 盘后深度扫描: 16:30 (并行执行，深度分析)
2025-06-23 20:51:04,585 - INFO - 周末扫描:
2025-06-23 20:51:04,586 - INFO - - 周六: 10:00
2025-06-23 20:51:04,586 - INFO - - 周日: 20:00 (为下周做准备)
2025-06-23 20:51:04,586 - INFO - 当前北京时间: 2025-06-24 11:51:04 CST
2025-06-23 20:51:04,586 - INFO - 即将执行的 10 个任务:
2025-06-23 20:51:04,586 - INFO -   1. 06-24 08:30: premarket_scan_8_30 (即将执行)
2025-06-23 20:51:04,586 - INFO -   2. 06-24 09:00: premarket_scan_9_00 (即将执行)
2025-06-23 20:51:04,587 - INFO -   3. 06-24 10:30: intraday_scan_10_30 (即将执行)
2025-06-23 20:51:04,587 - INFO -   4. 06-24 14:00: intraday_scan_14_00 (2小时后)
2025-06-23 20:51:04,587 - INFO -   5. 06-24 15:30: postmarket_scan_15_30 (3小时后)
2025-06-23 20:51:04,587 - INFO -   6. 06-24 16:30: postmarket_scan_16_30 (4小时后)
2025-06-23 20:51:04,587 - INFO -   7. 06-25 08:30: premarket_scan_8_30 (20小时后)
2025-06-23 20:51:04,587 - INFO -   8. 06-25 09:00: premarket_scan_9_00 (21小时后)
2025-06-23 20:51:04,587 - INFO -   9. 06-25 10:30: intraday_scan_10_30 (22小时后)
2025-06-23 20:51:04,587 - INFO -   10. 06-25 14:00: intraday_scan_14_00 (1天后)
2025-06-23 22:45:21,295 - INFO - ================================================================================
2025-06-23 22:45:21,296 - INFO - 增强版股票扫描定时任务启动
2025-06-23 22:45:21,296 - INFO - 启动时间 (北京时间): 2025-06-24 13:45:21 CST
2025-06-23 22:45:21,296 - INFO - ================================================================================
2025-06-23 22:45:21,296 - INFO - 设置增强版定时任务 (基于北京时间)...
2025-06-23 22:45:21,297 - INFO - 增强版定时任务设置完成:
2025-06-23 22:45:21,297 - INFO - 工作日扫描时间表 (北京时间):
2025-06-23 22:45:21,297 - INFO - - 盘前早期扫描: 8:30 (顺序执行，适合获取隔夜消息)
2025-06-23 22:45:21,298 - INFO - - 盘前扫描: 9:00 (并行执行，开盘前最后扫描)
2025-06-23 22:45:21,298 - INFO - - 盘中扫描: 10:30 (并行执行，上午交易时段中期)
2025-06-23 22:45:21,298 - INFO - - 下午盘中扫描: 14:00 (并行执行，下午开盘后)
2025-06-23 22:45:21,298 - INFO - - 盘后扫描: 15:30 (顺序执行，收盘后立即扫描)
2025-06-23 22:45:21,298 - INFO - - 盘后深度扫描: 16:30 (并行执行，深度分析)
2025-06-23 22:45:21,298 - INFO - 周末扫描:
2025-06-23 22:45:21,298 - INFO - - 周六: 10:00
2025-06-23 22:45:21,298 - INFO - - 周日: 20:00 (为下周做准备)
2025-06-23 22:45:21,298 - INFO - 当前北京时间: 2025-06-24 13:45:21 CST
2025-06-23 22:45:21,298 - INFO - 即将执行的 10 个任务:
2025-06-23 22:45:21,298 - INFO -   1. 06-24 08:30: premarket_scan_8_30 (即将执行)
2025-06-23 22:45:21,299 - INFO -   2. 06-24 09:00: premarket_scan_9_00 (即将执行)
2025-06-23 22:45:21,299 - INFO -   3. 06-24 10:30: intraday_scan_10_30 (即将执行)
2025-06-23 22:45:21,299 - INFO -   4. 06-24 14:00: intraday_scan_14_00 (8分钟后)
2025-06-23 22:45:21,299 - INFO -   5. 06-24 15:30: postmarket_scan_15_30 (1小时后)
2025-06-23 22:45:21,299 - INFO -   6. 06-24 16:30: postmarket_scan_16_30 (2小时后)
2025-06-23 22:45:21,299 - INFO -   7. 06-25 08:30: premarket_scan_8_30 (18小时后)
2025-06-23 22:45:21,299 - INFO -   8. 06-25 09:00: premarket_scan_9_00 (19小时后)
2025-06-23 22:45:21,299 - INFO -   9. 06-25 10:30: intraday_scan_10_30 (20小时后)
2025-06-23 22:45:21,299 - INFO -   10. 06-25 14:00: intraday_scan_14_00 (1天后)
2025-06-23 22:48:32,337 - INFO - ================================================================================
2025-06-23 22:48:32,337 - INFO - 增强版股票扫描定时任务启动
2025-06-23 22:48:32,337 - INFO - 启动时间 (北京时间): 2025-06-24 13:48:32 CST
2025-06-23 22:48:32,337 - INFO - ================================================================================
2025-06-23 22:48:32,337 - INFO - 设置增强版定时任务 (基于北京时间)...
2025-06-23 22:48:32,339 - INFO - 增强版定时任务设置完成:
2025-06-23 22:48:32,339 - INFO - 工作日扫描时间表 (北京时间):
2025-06-23 22:48:32,339 - INFO - - 盘前早期扫描: 8:30 (顺序执行，适合获取隔夜消息)
2025-06-23 22:48:32,339 - INFO - - 盘前扫描: 9:00 (并行执行，开盘前最后扫描)
2025-06-23 22:48:32,339 - INFO - - 盘中扫描: 10:30 (并行执行，上午交易时段中期)
2025-06-23 22:48:32,339 - INFO - - 下午盘中扫描: 14:00 (并行执行，下午开盘后)
2025-06-23 22:48:32,339 - INFO - - 盘后扫描: 15:30 (顺序执行，收盘后立即扫描)
2025-06-23 22:48:32,339 - INFO - - 盘后深度扫描: 16:30 (并行执行，深度分析)
2025-06-23 22:48:32,339 - INFO - 周末扫描:
2025-06-23 22:48:32,339 - INFO - - 周六: 10:00
2025-06-23 22:48:32,340 - INFO - - 周日: 20:00 (为下周做准备)
2025-06-23 22:48:32,340 - INFO - 当前北京时间: 2025-06-24 13:48:32 CST
2025-06-23 22:48:32,340 - INFO - 即将执行的 10 个任务:
2025-06-23 22:48:32,340 - INFO -   1. 06-24 08:30: premarket_scan_8_30 (即将执行)
2025-06-23 22:48:32,340 - INFO -   2. 06-24 09:00: premarket_scan_9_00 (即将执行)
2025-06-23 22:48:32,340 - INFO -   3. 06-24 10:30: intraday_scan_10_30 (即将执行)
2025-06-23 22:48:32,340 - INFO -   4. 06-24 14:00: intraday_scan_14_00 (5分钟后)
2025-06-23 22:48:32,340 - INFO -   5. 06-24 15:30: postmarket_scan_15_30 (1小时后)
2025-06-23 22:48:32,340 - INFO -   6. 06-24 16:30: postmarket_scan_16_30 (2小时后)
2025-06-23 22:48:32,340 - INFO -   7. 06-25 08:30: premarket_scan_8_30 (18小时后)
2025-06-23 22:48:32,341 - INFO -   8. 06-25 09:00: premarket_scan_9_00 (19小时后)
2025-06-23 22:48:32,341 - INFO -   9. 06-25 10:30: intraday_scan_10_30 (20小时后)
2025-06-23 22:48:32,341 - INFO -   10. 06-25 14:00: intraday_scan_14_00 (1天后)
2025-06-24 08:44:34,915 - INFO - ==================================================
2025-06-24 08:44:34,915 - INFO - 定时任务运行中... 北京时间: 2025-06-24 23:44:34
2025-06-24 08:44:34,916 - INFO - A股交易状态: 非交易时段
2025-06-24 08:44:34,916 - INFO - 港股交易状态: 非交易时段
2025-06-24 08:44:34,916 - INFO - 当前北京时间: 2025-06-24 23:44:34 CST
2025-06-24 08:44:34,916 - INFO - 即将执行的 5 个任务:
2025-06-24 08:44:34,917 - INFO -   1. 06-24 08:30: premarket_scan_8_30 (即将执行)
2025-06-24 08:44:34,917 - INFO -   2. 06-24 09:00: premarket_scan_9_00 (即将执行)
2025-06-24 08:44:34,917 - INFO -   3. 06-24 10:30: intraday_scan_10_30 (即将执行)
2025-06-24 08:44:34,917 - INFO -   4. 06-24 14:00: intraday_scan_14_00 (即将执行)
2025-06-24 08:44:34,917 - INFO -   5. 06-24 15:30: postmarket_scan_15_30 (即将执行)
2025-06-24 08:44:34,917 - INFO - ==================================================
2025-06-24 08:44:34,917 - INFO - ============================================================
2025-06-24 08:44:34,918 - INFO - 开始盘前早期扫描 (8:30)
2025-06-24 08:44:34,918 - INFO - ============================================================
2025-06-24 08:44:34,918 - INFO - 开始顺序运行A股和港股扫描 - 盘前早期扫描 (北京时间: 2025-06-24 23:44:34)
2025-06-24 08:44:34,918 - INFO - 开始运行A股扫描 - 盘前早期扫描 (北京时间: 2025-06-24 23:44:34)
2025-06-24 08:44:34,967 - ERROR - A股扫描失败 - 盘前早期扫描
2025-06-24 08:44:34,968 - ERROR - A股扫描错误: Traceback (most recent call last):
  File "D:\Cursor\Coral_Creek\scan_cn_signals_multi_thread_tushare.py", line 1, in <module>
    import pandas as pd
ModuleNotFoundError: No module named 'pandas'

2025-06-24 08:44:34,968 - INFO - A股扫描完成，等待3分钟后开始港股扫描...
2025-06-24 08:44:45,970 - INFO - ==================================================
2025-06-24 08:44:45,970 - INFO - 定时任务运行中... 北京时间: 2025-06-24 23:44:45
2025-06-24 08:44:45,971 - INFO - A股交易状态: 非交易时段
2025-06-24 08:44:45,971 - INFO - 港股交易状态: 非交易时段
2025-06-24 08:44:45,971 - INFO - 当前北京时间: 2025-06-24 23:44:45 CST
2025-06-24 08:44:45,971 - INFO - 即将执行的 5 个任务:
2025-06-24 08:44:45,972 - INFO -   1. 06-24 08:30: premarket_scan_8_30 (即将执行)
2025-06-24 08:44:45,972 - INFO -   2. 06-24 09:00: premarket_scan_9_00 (即将执行)
2025-06-24 08:44:45,972 - INFO -   3. 06-24 10:30: intraday_scan_10_30 (即将执行)
2025-06-24 08:44:45,972 - INFO -   4. 06-24 14:00: intraday_scan_14_00 (即将执行)
2025-06-24 08:44:45,972 - INFO -   5. 06-24 15:30: postmarket_scan_15_30 (即将执行)
2025-06-24 08:44:45,973 - INFO - ==================================================
2025-06-24 08:44:45,973 - INFO - ============================================================
2025-06-24 08:44:45,973 - INFO - 开始盘前早期扫描 (8:30)
2025-06-24 08:44:45,973 - INFO - ============================================================
2025-06-24 08:44:45,974 - INFO - 开始顺序运行A股和港股扫描 - 盘前早期扫描 (北京时间: 2025-06-24 23:44:45)
2025-06-24 08:44:45,974 - INFO - 开始运行A股扫描 - 盘前早期扫描 (北京时间: 2025-06-24 23:44:45)
2025-06-24 08:44:46,019 - ERROR - A股扫描失败 - 盘前早期扫描
2025-06-24 08:44:46,020 - ERROR - A股扫描错误: Traceback (most recent call last):
  File "D:\Cursor\Coral_Creek\scan_cn_signals_multi_thread_tushare.py", line 1, in <module>
    import pandas as pd
ModuleNotFoundError: No module named 'pandas'

2025-06-24 08:44:46,020 - INFO - A股扫描完成，等待3分钟后开始港股扫描...
2025-06-24 08:47:36,221 - INFO - 开始运行港股扫描 - 盘前早期扫描 (北京时间: 2025-06-24 23:47:36)
2025-06-24 08:47:36,282 - ERROR - 港股扫描失败 - 盘前早期扫描
2025-06-24 08:47:36,283 - ERROR - 港股扫描错误: Traceback (most recent call last):
  File "D:\Cursor\Coral_Creek\scan_hk_signals_multi_thread_tushare.py", line 1, in <module>
    import pandas as pd
ModuleNotFoundError: No module named 'pandas'

2025-06-24 08:47:36,283 - INFO - A股和港股扫描全部完成 - 盘前早期扫描
2025-06-24 08:47:47,277 - INFO - 开始运行港股扫描 - 盘前早期扫描 (北京时间: 2025-06-24 23:47:47)
2025-06-24 08:47:47,327 - ERROR - 港股扫描失败 - 盘前早期扫描
2025-06-24 08:47:47,327 - ERROR - 港股扫描错误: Traceback (most recent call last):
  File "D:\Cursor\Coral_Creek\scan_hk_signals_multi_thread_tushare.py", line 1, in <module>
    import pandas as pd
ModuleNotFoundError: No module named 'pandas'

2025-06-24 08:47:47,327 - INFO - A股和港股扫描全部完成 - 盘前早期扫描
2025-06-24 09:00:36,383 - INFO - ============================================================
2025-06-24 09:00:36,384 - INFO - 开始盘前扫描 (9:00)
2025-06-24 09:00:36,384 - INFO - ============================================================
2025-06-24 09:00:36,385 - INFO - 开始并行运行A股和港股扫描 - 盘前扫描 (北京时间: 2025-06-25 00:00:36)
2025-06-24 09:00:36,385 - INFO - 开始运行A股扫描 - 盘前扫描 (北京时间: 2025-06-25 00:00:36)
2025-06-24 09:00:36,560 - ERROR - A股扫描失败 - 盘前扫描
2025-06-24 09:00:36,560 - ERROR - A股扫描错误: Traceback (most recent call last):
  File "D:\Cursor\Coral_Creek\scan_cn_signals_multi_thread_tushare.py", line 1, in <module>
    import pandas as pd
ModuleNotFoundError: No module named 'pandas'

2025-06-24 09:00:47,420 - INFO - ============================================================
2025-06-24 09:00:47,421 - INFO - 开始盘前扫描 (9:00)
2025-06-24 09:00:47,421 - INFO - ============================================================
2025-06-24 09:00:47,422 - INFO - 开始并行运行A股和港股扫描 - 盘前扫描 (北京时间: 2025-06-25 00:00:47)
2025-06-24 09:00:47,423 - INFO - 开始运行A股扫描 - 盘前扫描 (北京时间: 2025-06-25 00:00:47)
2025-06-24 09:00:47,485 - ERROR - A股扫描失败 - 盘前扫描
2025-06-24 09:00:47,485 - ERROR - A股扫描错误: Traceback (most recent call last):
  File "D:\Cursor\Coral_Creek\scan_cn_signals_multi_thread_tushare.py", line 1, in <module>
    import pandas as pd
ModuleNotFoundError: No module named 'pandas'

2025-06-24 09:00:51,395 - INFO - 开始运行港股扫描 - 盘前扫描 (北京时间: 2025-06-25 00:00:51)
2025-06-24 09:00:51,467 - ERROR - 港股扫描失败 - 盘前扫描
2025-06-24 09:00:51,467 - ERROR - 港股扫描错误: Traceback (most recent call last):
  File "D:\Cursor\Coral_Creek\scan_hk_signals_multi_thread_tushare.py", line 1, in <module>
    import pandas as pd
ModuleNotFoundError: No module named 'pandas'

2025-06-24 09:00:51,467 - INFO - A股和港股扫描全部完成 - 盘前扫描
2025-06-24 09:01:02,438 - INFO - 开始运行港股扫描 - 盘前扫描 (北京时间: 2025-06-25 00:01:02)
2025-06-24 09:01:02,496 - ERROR - 港股扫描失败 - 盘前扫描
2025-06-24 09:01:02,496 - ERROR - 港股扫描错误: Traceback (most recent call last):
  File "D:\Cursor\Coral_Creek\scan_hk_signals_multi_thread_tushare.py", line 1, in <module>
    import pandas as pd
ModuleNotFoundError: No module named 'pandas'

2025-06-24 09:01:02,496 - INFO - A股和港股扫描全部完成 - 盘前扫描
2025-06-24 17:36:09,621 - INFO - ==================================================
2025-06-24 17:36:09,621 - INFO - 定时任务运行中... 北京时间: 2025-06-25 08:36:09
2025-06-24 17:36:09,622 - INFO - A股交易状态: 非交易时段
2025-06-24 17:36:09,622 - INFO - 港股交易状态: 非交易时段
2025-06-24 17:36:09,622 - INFO - 当前北京时间: 2025-06-25 08:36:09 CST
2025-06-24 17:36:09,622 - INFO - 即将执行的 5 个任务:
2025-06-24 17:36:09,623 - INFO -   1. 06-24 10:30: intraday_scan_10_30 (即将执行)
2025-06-24 17:36:09,623 - INFO -   2. 06-24 14:00: intraday_scan_14_00 (即将执行)
2025-06-24 17:36:09,623 - INFO -   3. 06-24 15:30: postmarket_scan_15_30 (即将执行)
2025-06-24 17:36:09,624 - INFO -   4. 06-24 16:30: postmarket_scan_16_30 (即将执行)
2025-06-24 17:36:09,624 - INFO -   5. 06-25 08:30: premarket_scan_8_30 (即将执行)
2025-06-24 17:36:09,624 - INFO - ==================================================
2025-06-24 17:36:09,624 - INFO - ============================================================
2025-06-24 17:36:09,625 - INFO - 开始盘中扫描 (10:30)
2025-06-24 17:36:09,625 - INFO - ============================================================
2025-06-24 17:36:09,625 - INFO - 开始并行运行A股和港股扫描 - 盘中扫描 (北京时间: 2025-06-25 08:36:09)
2025-06-24 17:36:09,626 - INFO - 开始运行A股扫描 - 盘中扫描 (北京时间: 2025-06-25 08:36:09)
2025-06-24 17:36:09,689 - ERROR - A股扫描失败 - 盘中扫描
2025-06-24 17:36:09,689 - ERROR - A股扫描错误: Traceback (most recent call last):
  File "D:\Cursor\Coral_Creek\scan_cn_signals_multi_thread_tushare.py", line 1, in <module>
    import pandas as pd
ModuleNotFoundError: No module named 'pandas'

2025-06-24 17:36:24,630 - INFO - 开始运行港股扫描 - 盘中扫描 (北京时间: 2025-06-25 08:36:24)
2025-06-24 17:36:24,684 - ERROR - 港股扫描失败 - 盘中扫描
2025-06-24 17:36:24,684 - ERROR - 港股扫描错误: Traceback (most recent call last):
  File "D:\Cursor\Coral_Creek\scan_hk_signals_multi_thread_tushare.py", line 1, in <module>
    import pandas as pd
ModuleNotFoundError: No module named 'pandas'

2025-06-24 17:36:24,685 - INFO - A股和港股扫描全部完成 - 盘中扫描
2025-06-24 17:36:24,685 - INFO - ============================================================
2025-06-24 17:36:24,685 - INFO - 开始下午盘中扫描 (14:00)
2025-06-24 17:36:24,685 - INFO - ============================================================
2025-06-24 17:36:24,686 - INFO - 开始并行运行A股和港股扫描 - 下午盘中扫描 (北京时间: 2025-06-25 08:36:24)
2025-06-24 17:36:24,686 - INFO - 开始运行A股扫描 - 下午盘中扫描 (北京时间: 2025-06-25 08:36:24)
2025-06-24 17:36:24,733 - ERROR - A股扫描失败 - 下午盘中扫描
2025-06-24 17:36:24,733 - ERROR - A股扫描错误: Traceback (most recent call last):
  File "D:\Cursor\Coral_Creek\scan_cn_signals_multi_thread_tushare.py", line 1, in <module>
    import pandas as pd
ModuleNotFoundError: No module named 'pandas'

2025-06-24 17:36:39,692 - INFO - 开始运行港股扫描 - 下午盘中扫描 (北京时间: 2025-06-25 08:36:39)
2025-06-24 17:36:39,750 - ERROR - 港股扫描失败 - 下午盘中扫描
2025-06-24 17:36:39,751 - ERROR - 港股扫描错误: Traceback (most recent call last):
  File "D:\Cursor\Coral_Creek\scan_hk_signals_multi_thread_tushare.py", line 1, in <module>
    import pandas as pd
ModuleNotFoundError: No module named 'pandas'

2025-06-24 17:36:39,751 - INFO - A股和港股扫描全部完成 - 下午盘中扫描
2025-06-24 17:36:39,751 - INFO - ============================================================
2025-06-24 17:36:39,751 - INFO - 开始盘后扫描 (15:30)
2025-06-24 17:36:39,752 - INFO - ============================================================
2025-06-24 17:36:39,752 - INFO - 开始顺序运行A股和港股扫描 - 盘后扫描 (北京时间: 2025-06-25 08:36:39)
2025-06-24 17:36:39,752 - INFO - 开始运行A股扫描 - 盘后扫描 (北京时间: 2025-06-25 08:36:39)
2025-06-24 17:36:39,800 - ERROR - A股扫描失败 - 盘后扫描
2025-06-24 17:36:39,800 - ERROR - A股扫描错误: Traceback (most recent call last):
  File "D:\Cursor\Coral_Creek\scan_cn_signals_multi_thread_tushare.py", line 1, in <module>
    import pandas as pd
ModuleNotFoundError: No module named 'pandas'

2025-06-24 17:36:39,800 - INFO - A股扫描完成，等待3分钟后开始港股扫描...
2025-06-24 17:36:58,582 - INFO - ==================================================
2025-06-24 17:36:58,582 - INFO - 定时任务运行中... 北京时间: 2025-06-25 08:36:58
2025-06-24 17:36:58,583 - INFO - A股交易状态: 非交易时段
2025-06-24 17:36:58,583 - INFO - 港股交易状态: 非交易时段
2025-06-24 17:36:58,583 - INFO - 当前北京时间: 2025-06-25 08:36:58 CST
2025-06-24 17:36:58,584 - INFO - 即将执行的 5 个任务:
2025-06-24 17:36:58,584 - INFO -   1. 06-24 10:30: intraday_scan_10_30 (即将执行)
2025-06-24 17:36:58,584 - INFO -   2. 06-24 14:00: intraday_scan_14_00 (即将执行)
2025-06-24 17:36:58,584 - INFO -   3. 06-24 15:30: postmarket_scan_15_30 (即将执行)
2025-06-24 17:36:58,585 - INFO -   4. 06-24 16:30: postmarket_scan_16_30 (即将执行)
2025-06-24 17:36:58,585 - INFO -   5. 06-25 08:30: premarket_scan_8_30 (即将执行)
2025-06-24 17:36:58,585 - INFO - ==================================================
2025-06-24 17:36:58,585 - INFO - ============================================================
2025-06-24 17:36:58,586 - INFO - 开始盘中扫描 (10:30)
2025-06-24 17:36:58,586 - INFO - ============================================================
2025-06-24 17:36:58,586 - INFO - 开始并行运行A股和港股扫描 - 盘中扫描 (北京时间: 2025-06-25 08:36:58)
2025-06-24 17:36:58,587 - INFO - 开始运行A股扫描 - 盘中扫描 (北京时间: 2025-06-25 08:36:58)
2025-06-24 17:36:58,631 - ERROR - A股扫描失败 - 盘中扫描
2025-06-24 17:36:58,632 - ERROR - A股扫描错误: Traceback (most recent call last):
  File "D:\Cursor\Coral_Creek\scan_cn_signals_multi_thread_tushare.py", line 1, in <module>
    import pandas as pd
ModuleNotFoundError: No module named 'pandas'

2025-06-24 17:37:13,593 - INFO - 开始运行港股扫描 - 盘中扫描 (北京时间: 2025-06-25 08:37:13)
2025-06-24 17:37:13,648 - ERROR - 港股扫描失败 - 盘中扫描
2025-06-24 17:37:13,648 - ERROR - 港股扫描错误: Traceback (most recent call last):
  File "D:\Cursor\Coral_Creek\scan_hk_signals_multi_thread_tushare.py", line 1, in <module>
    import pandas as pd
ModuleNotFoundError: No module named 'pandas'

2025-06-24 17:37:13,648 - INFO - A股和港股扫描全部完成 - 盘中扫描
2025-06-24 17:37:13,649 - INFO - ============================================================
2025-06-24 17:37:13,649 - INFO - 开始下午盘中扫描 (14:00)
2025-06-24 17:37:13,649 - INFO - ============================================================
2025-06-24 17:37:13,649 - INFO - 开始并行运行A股和港股扫描 - 下午盘中扫描 (北京时间: 2025-06-25 08:37:13)
2025-06-24 17:37:13,649 - INFO - 开始运行A股扫描 - 下午盘中扫描 (北京时间: 2025-06-25 08:37:13)
2025-06-24 17:37:13,689 - ERROR - A股扫描失败 - 下午盘中扫描
2025-06-24 17:37:13,689 - ERROR - A股扫描错误: Traceback (most recent call last):
  File "D:\Cursor\Coral_Creek\scan_cn_signals_multi_thread_tushare.py", line 1, in <module>
    import pandas as pd
ModuleNotFoundError: No module named 'pandas'

2025-06-24 17:37:28,657 - INFO - 开始运行港股扫描 - 下午盘中扫描 (北京时间: 2025-06-25 08:37:28)
2025-06-24 17:37:28,697 - ERROR - 港股扫描失败 - 下午盘中扫描
2025-06-24 17:37:28,698 - ERROR - 港股扫描错误: Traceback (most recent call last):
  File "D:\Cursor\Coral_Creek\scan_hk_signals_multi_thread_tushare.py", line 1, in <module>
    import pandas as pd
ModuleNotFoundError: No module named 'pandas'

2025-06-24 17:37:28,698 - INFO - A股和港股扫描全部完成 - 下午盘中扫描
2025-06-24 17:37:28,698 - INFO - ============================================================
2025-06-24 17:37:28,698 - INFO - 开始盘后扫描 (15:30)
2025-06-24 17:37:28,698 - INFO - ============================================================
2025-06-24 17:37:28,699 - INFO - 开始顺序运行A股和港股扫描 - 盘后扫描 (北京时间: 2025-06-25 08:37:28)
2025-06-24 17:37:28,699 - INFO - 开始运行A股扫描 - 盘后扫描 (北京时间: 2025-06-25 08:37:28)
2025-06-24 17:37:28,740 - ERROR - A股扫描失败 - 盘后扫描
2025-06-24 17:37:28,740 - ERROR - A股扫描错误: Traceback (most recent call last):
  File "D:\Cursor\Coral_Creek\scan_cn_signals_multi_thread_tushare.py", line 1, in <module>
    import pandas as pd
ModuleNotFoundError: No module named 'pandas'

2025-06-24 17:37:28,741 - INFO - A股扫描完成，等待3分钟后开始港股扫描...
2025-06-24 17:39:39,815 - INFO - 开始运行港股扫描 - 盘后扫描 (北京时间: 2025-06-25 08:39:39)
2025-06-24 17:39:39,882 - ERROR - 港股扫描失败 - 盘后扫描
2025-06-24 17:39:39,883 - ERROR - 港股扫描错误: Traceback (most recent call last):
  File "D:\Cursor\Coral_Creek\scan_hk_signals_multi_thread_tushare.py", line 1, in <module>
    import pandas as pd
ModuleNotFoundError: No module named 'pandas'

2025-06-24 17:39:39,883 - INFO - A股和港股扫描全部完成 - 盘后扫描
2025-06-24 17:39:39,884 - INFO - ============================================================
2025-06-24 17:39:39,884 - INFO - 开始盘后深度扫描 (16:30)
2025-06-24 17:39:39,884 - INFO - ============================================================
2025-06-24 17:39:39,885 - INFO - 开始并行运行A股和港股扫描 - 盘后深度扫描 (北京时间: 2025-06-25 08:39:39)
2025-06-24 17:39:39,885 - INFO - 开始运行A股扫描 - 盘后深度扫描 (北京时间: 2025-06-25 08:39:39)
2025-06-24 17:39:39,930 - ERROR - A股扫描失败 - 盘后深度扫描
2025-06-24 17:39:39,931 - ERROR - A股扫描错误: Traceback (most recent call last):
  File "D:\Cursor\Coral_Creek\scan_cn_signals_multi_thread_tushare.py", line 1, in <module>
    import pandas as pd
ModuleNotFoundError: No module named 'pandas'

2025-06-24 17:39:54,896 - INFO - 开始运行港股扫描 - 盘后深度扫描 (北京时间: 2025-06-25 08:39:54)
2025-06-24 17:39:54,961 - ERROR - 港股扫描失败 - 盘后深度扫描
2025-06-24 17:39:54,961 - ERROR - 港股扫描错误: Traceback (most recent call last):
  File "D:\Cursor\Coral_Creek\scan_hk_signals_multi_thread_tushare.py", line 1, in <module>
    import pandas as pd
ModuleNotFoundError: No module named 'pandas'

2025-06-24 17:39:54,961 - INFO - A股和港股扫描全部完成 - 盘后深度扫描
2025-06-24 17:40:28,743 - INFO - 开始运行港股扫描 - 盘后扫描 (北京时间: 2025-06-25 08:40:28)
2025-06-24 17:40:28,803 - ERROR - 港股扫描失败 - 盘后扫描
2025-06-24 17:40:28,803 - ERROR - 港股扫描错误: Traceback (most recent call last):
  File "D:\Cursor\Coral_Creek\scan_hk_signals_multi_thread_tushare.py", line 1, in <module>
    import pandas as pd
ModuleNotFoundError: No module named 'pandas'

2025-06-24 17:40:28,803 - INFO - A股和港股扫描全部完成 - 盘后扫描
2025-06-24 17:40:28,803 - INFO - ============================================================
2025-06-24 17:40:28,803 - INFO - 开始盘后深度扫描 (16:30)
2025-06-24 17:40:28,803 - INFO - ============================================================
2025-06-24 17:40:28,803 - INFO - 开始并行运行A股和港股扫描 - 盘后深度扫描 (北京时间: 2025-06-25 08:40:28)
2025-06-24 17:40:28,804 - INFO - 开始运行A股扫描 - 盘后深度扫描 (北京时间: 2025-06-25 08:40:28)
2025-06-24 17:40:28,841 - ERROR - A股扫描失败 - 盘后深度扫描
2025-06-24 17:40:28,841 - ERROR - A股扫描错误: Traceback (most recent call last):
  File "D:\Cursor\Coral_Creek\scan_cn_signals_multi_thread_tushare.py", line 1, in <module>
    import pandas as pd
ModuleNotFoundError: No module named 'pandas'

2025-06-24 17:40:43,807 - INFO - 开始运行港股扫描 - 盘后深度扫描 (北京时间: 2025-06-25 08:40:43)
2025-06-24 17:40:43,846 - ERROR - 港股扫描失败 - 盘后深度扫描
2025-06-24 17:40:43,846 - ERROR - 港股扫描错误: Traceback (most recent call last):
  File "D:\Cursor\Coral_Creek\scan_hk_signals_multi_thread_tushare.py", line 1, in <module>
    import pandas as pd
ModuleNotFoundError: No module named 'pandas'

2025-06-24 17:40:43,846 - INFO - A股和港股扫描全部完成 - 盘后深度扫描
2025-06-25 00:32:57,788 - INFO - ==================================================
2025-06-25 00:32:57,788 - INFO - 定时任务运行中... 北京时间: 2025-06-25 15:32:57
2025-06-25 00:32:57,789 - INFO - A股交易状态: 非交易时段
2025-06-25 00:32:57,789 - INFO - 港股交易状态: 港股下午交易时段
2025-06-25 00:32:57,789 - INFO - 当前北京时间: 2025-06-25 15:32:57 CST
2025-06-25 00:32:57,789 - INFO - 即将执行的 5 个任务:
2025-06-25 00:32:57,789 - INFO -   1. 06-25 08:30: premarket_scan_8_30 (即将执行)
2025-06-25 00:32:57,789 - INFO -   2. 06-25 09:00: premarket_scan_9_00 (即将执行)
2025-06-25 00:32:57,789 - INFO -   3. 06-25 10:30: intraday_scan_10_30 (即将执行)
2025-06-25 00:32:57,791 - INFO -   4. 06-25 14:00: intraday_scan_14_00 (即将执行)
2025-06-25 00:32:57,791 - INFO -   5. 06-25 15:30: postmarket_scan_15_30 (即将执行)
2025-06-25 00:32:57,791 - INFO - ==================================================
2025-06-25 00:33:08,922 - INFO - ==================================================
2025-06-25 00:33:08,922 - INFO - 定时任务运行中... 北京时间: 2025-06-25 15:33:08
2025-06-25 00:33:08,923 - INFO - A股交易状态: 非交易时段
2025-06-25 00:33:08,923 - INFO - 港股交易状态: 港股下午交易时段
2025-06-25 00:33:08,923 - INFO - 当前北京时间: 2025-06-25 15:33:08 CST
2025-06-25 00:33:08,924 - INFO - 即将执行的 5 个任务:
2025-06-25 00:33:08,924 - INFO -   1. 06-25 08:30: premarket_scan_8_30 (即将执行)
2025-06-25 00:33:08,924 - INFO -   2. 06-25 09:00: premarket_scan_9_00 (即将执行)
2025-06-25 00:33:08,925 - INFO -   3. 06-25 10:30: intraday_scan_10_30 (即将执行)
2025-06-25 00:33:08,925 - INFO -   4. 06-25 14:00: intraday_scan_14_00 (即将执行)
2025-06-25 00:33:08,925 - INFO -   5. 06-25 15:30: postmarket_scan_15_30 (即将执行)
2025-06-25 00:33:08,925 - INFO - ==================================================
2025-06-25 01:45:42,974 - INFO - ==================================================
2025-06-25 01:45:42,975 - INFO - 定时任务运行中... 北京时间: 2025-06-25 16:45:42
2025-06-25 01:45:42,976 - INFO - A股交易状态: 非交易时段
2025-06-25 01:45:42,976 - INFO - 港股交易状态: 非交易时段
2025-06-25 01:45:42,976 - INFO - 当前北京时间: 2025-06-25 16:45:42 CST
2025-06-25 01:45:42,977 - INFO - 即将执行的 5 个任务:
2025-06-25 01:45:42,977 - INFO -   1. 06-25 08:30: premarket_scan_8_30 (即将执行)
2025-06-25 01:45:42,978 - INFO -   2. 06-25 09:00: premarket_scan_9_00 (即将执行)
2025-06-25 01:45:42,978 - INFO -   3. 06-25 10:30: intraday_scan_10_30 (即将执行)
2025-06-25 01:45:42,978 - INFO -   4. 06-25 14:00: intraday_scan_14_00 (即将执行)
2025-06-25 01:45:42,979 - INFO -   5. 06-25 15:30: postmarket_scan_15_30 (即将执行)
2025-06-25 01:45:42,979 - INFO - ==================================================
2025-06-25 01:45:54,125 - INFO - ==================================================
2025-06-25 01:45:54,125 - INFO - 定时任务运行中... 北京时间: 2025-06-25 16:45:54
2025-06-25 01:45:54,126 - INFO - A股交易状态: 非交易时段
2025-06-25 01:45:54,126 - INFO - 港股交易状态: 非交易时段
2025-06-25 01:45:54,126 - INFO - 当前北京时间: 2025-06-25 16:45:54 CST
2025-06-25 01:45:54,126 - INFO - 即将执行的 5 个任务:
2025-06-25 01:45:54,127 - INFO -   1. 06-25 08:30: premarket_scan_8_30 (即将执行)
2025-06-25 01:45:54,127 - INFO -   2. 06-25 09:00: premarket_scan_9_00 (即将执行)
2025-06-25 01:45:54,127 - INFO -   3. 06-25 10:30: intraday_scan_10_30 (即将执行)
2025-06-25 01:45:54,127 - INFO -   4. 06-25 14:00: intraday_scan_14_00 (即将执行)
2025-06-25 01:45:54,128 - INFO -   5. 06-25 15:30: postmarket_scan_15_30 (即将执行)
2025-06-25 01:45:54,128 - INFO - ==================================================
2025-06-25 03:00:13,396 - INFO - ==================================================
2025-06-25 03:00:13,396 - INFO - 定时任务运行中... 北京时间: 2025-06-25 18:00:13
2025-06-25 03:00:13,398 - INFO - A股交易状态: 非交易时段
2025-06-25 03:00:13,399 - INFO - 港股交易状态: 非交易时段
2025-06-25 03:00:13,399 - INFO - 当前北京时间: 2025-06-25 18:00:13 CST
2025-06-25 03:00:13,400 - INFO - 即将执行的 5 个任务:
2025-06-25 03:00:13,400 - INFO -   1. 06-25 08:30: premarket_scan_8_30 (即将执行)
2025-06-25 03:00:13,401 - INFO -   2. 06-25 09:00: premarket_scan_9_00 (即将执行)
2025-06-25 03:00:13,401 - INFO -   3. 06-25 10:30: intraday_scan_10_30 (即将执行)
2025-06-25 03:00:13,401 - INFO -   4. 06-25 14:00: intraday_scan_14_00 (即将执行)
2025-06-25 03:00:13,401 - INFO -   5. 06-25 15:30: postmarket_scan_15_30 (即将执行)
2025-06-25 03:00:13,401 - INFO - ==================================================
2025-06-25 03:00:24,588 - INFO - ==================================================
2025-06-25 03:00:24,589 - INFO - 定时任务运行中... 北京时间: 2025-06-25 18:00:24
2025-06-25 03:00:24,590 - INFO - A股交易状态: 非交易时段
2025-06-25 03:00:24,591 - INFO - 港股交易状态: 非交易时段
2025-06-25 03:00:24,591 - INFO - 当前北京时间: 2025-06-25 18:00:24 CST
2025-06-25 03:00:24,592 - INFO - 即将执行的 5 个任务:
2025-06-25 03:00:24,592 - INFO -   1. 06-25 08:30: premarket_scan_8_30 (即将执行)
2025-06-25 03:00:24,593 - INFO -   2. 06-25 09:00: premarket_scan_9_00 (即将执行)
2025-06-25 03:00:24,593 - INFO -   3. 06-25 10:30: intraday_scan_10_30 (即将执行)
2025-06-25 03:00:24,594 - INFO -   4. 06-25 14:00: intraday_scan_14_00 (即将执行)
2025-06-25 03:00:24,594 - INFO -   5. 06-25 15:30: postmarket_scan_15_30 (即将执行)
2025-06-25 03:00:24,595 - INFO - ==================================================
2025-06-25 04:15:44,395 - INFO - ==================================================
2025-06-25 04:15:44,396 - INFO - 定时任务运行中... 北京时间: 2025-06-25 19:15:44
2025-06-25 04:15:44,397 - INFO - A股交易状态: 非交易时段
2025-06-25 04:15:44,397 - INFO - 港股交易状态: 非交易时段
2025-06-25 04:15:44,398 - INFO - 当前北京时间: 2025-06-25 19:15:44 CST
2025-06-25 04:15:44,398 - INFO - 即将执行的 5 个任务:
2025-06-25 04:15:44,399 - INFO -   1. 06-25 08:30: premarket_scan_8_30 (即将执行)
2025-06-25 04:15:44,399 - INFO -   2. 06-25 09:00: premarket_scan_9_00 (即将执行)
2025-06-25 04:15:44,399 - INFO -   3. 06-25 10:30: intraday_scan_10_30 (即将执行)
2025-06-25 04:15:44,400 - INFO -   4. 06-25 14:00: intraday_scan_14_00 (即将执行)
2025-06-25 04:15:44,400 - INFO -   5. 06-25 15:30: postmarket_scan_15_30 (即将执行)
2025-06-25 04:15:44,400 - INFO - ==================================================
2025-06-25 04:15:55,567 - INFO - ==================================================
2025-06-25 04:15:55,567 - INFO - 定时任务运行中... 北京时间: 2025-06-25 19:15:55
2025-06-25 04:15:55,568 - INFO - A股交易状态: 非交易时段
2025-06-25 04:15:55,569 - INFO - 港股交易状态: 非交易时段
2025-06-25 04:15:55,569 - INFO - 当前北京时间: 2025-06-25 19:15:55 CST
2025-06-25 04:15:55,570 - INFO - 即将执行的 5 个任务:
2025-06-25 04:15:55,570 - INFO -   1. 06-25 08:30: premarket_scan_8_30 (即将执行)
2025-06-25 04:15:55,570 - INFO -   2. 06-25 09:00: premarket_scan_9_00 (即将执行)
2025-06-25 04:15:55,571 - INFO -   3. 06-25 10:30: intraday_scan_10_30 (即将执行)
2025-06-25 04:15:55,571 - INFO -   4. 06-25 14:00: intraday_scan_14_00 (即将执行)
2025-06-25 04:15:55,572 - INFO -   5. 06-25 15:30: postmarket_scan_15_30 (即将执行)
2025-06-25 04:15:55,572 - INFO - ==================================================
2025-06-25 05:30:13,818 - INFO - ==================================================
2025-06-25 05:30:13,818 - INFO - 定时任务运行中... 北京时间: 2025-06-25 20:30:13
2025-06-25 05:30:13,819 - INFO - A股交易状态: 非交易时段
2025-06-25 05:30:13,819 - INFO - 港股交易状态: 非交易时段
2025-06-25 05:30:13,819 - INFO - 当前北京时间: 2025-06-25 20:30:13 CST
2025-06-25 05:30:13,819 - INFO - 即将执行的 5 个任务:
2025-06-25 05:30:13,820 - INFO -   1. 06-25 08:30: premarket_scan_8_30 (即将执行)
2025-06-25 05:30:13,820 - INFO -   2. 06-25 09:00: premarket_scan_9_00 (即将执行)
2025-06-25 05:30:13,820 - INFO -   3. 06-25 10:30: intraday_scan_10_30 (即将执行)
2025-06-25 05:30:13,820 - INFO -   4. 06-25 14:00: intraday_scan_14_00 (即将执行)
2025-06-25 05:30:13,821 - INFO -   5. 06-25 15:30: postmarket_scan_15_30 (即将执行)
2025-06-25 05:30:13,821 - INFO - ==================================================
2025-06-25 05:30:25,002 - INFO - ==================================================
2025-06-25 05:30:25,003 - INFO - 定时任务运行中... 北京时间: 2025-06-25 20:30:25
2025-06-25 05:30:25,004 - INFO - A股交易状态: 非交易时段
2025-06-25 05:30:25,005 - INFO - 港股交易状态: 非交易时段
2025-06-25 05:30:25,005 - INFO - 当前北京时间: 2025-06-25 20:30:25 CST
2025-06-25 05:30:25,006 - INFO - 即将执行的 5 个任务:
2025-06-25 05:30:25,007 - INFO -   1. 06-25 08:30: premarket_scan_8_30 (即将执行)
2025-06-25 05:30:25,007 - INFO -   2. 06-25 09:00: premarket_scan_9_00 (即将执行)
2025-06-25 05:30:25,008 - INFO -   3. 06-25 10:30: intraday_scan_10_30 (即将执行)
2025-06-25 05:30:25,009 - INFO -   4. 06-25 14:00: intraday_scan_14_00 (即将执行)
2025-06-25 05:30:25,010 - INFO -   5. 06-25 15:30: postmarket_scan_15_30 (即将执行)
2025-06-25 05:30:25,010 - INFO - ==================================================
2025-06-25 06:45:44,955 - INFO - ==================================================
2025-06-25 06:45:44,955 - INFO - 定时任务运行中... 北京时间: 2025-06-25 21:45:44
2025-06-25 06:45:44,956 - INFO - A股交易状态: 非交易时段
2025-06-25 06:45:44,956 - INFO - 港股交易状态: 非交易时段
2025-06-25 06:45:44,956 - INFO - 当前北京时间: 2025-06-25 21:45:44 CST
2025-06-25 06:45:44,956 - INFO - 即将执行的 5 个任务:
2025-06-25 06:45:44,956 - INFO -   1. 06-25 08:30: premarket_scan_8_30 (即将执行)
2025-06-25 06:45:44,957 - INFO -   2. 06-25 09:00: premarket_scan_9_00 (即将执行)
2025-06-25 06:45:44,957 - INFO -   3. 06-25 10:30: intraday_scan_10_30 (即将执行)
2025-06-25 06:45:44,957 - INFO -   4. 06-25 14:00: intraday_scan_14_00 (即将执行)
2025-06-25 06:45:44,957 - INFO -   5. 06-25 15:30: postmarket_scan_15_30 (即将执行)
2025-06-25 06:45:44,957 - INFO - ==================================================
2025-06-25 06:45:56,121 - INFO - ==================================================
2025-06-25 06:45:56,121 - INFO - 定时任务运行中... 北京时间: 2025-06-25 21:45:56
2025-06-25 06:45:56,122 - INFO - A股交易状态: 非交易时段
2025-06-25 06:45:56,122 - INFO - 港股交易状态: 非交易时段
2025-06-25 06:45:56,122 - INFO - 当前北京时间: 2025-06-25 21:45:56 CST
2025-06-25 06:45:56,123 - INFO - 即将执行的 5 个任务:
2025-06-25 06:45:56,123 - INFO -   1. 06-25 08:30: premarket_scan_8_30 (即将执行)
2025-06-25 06:45:56,123 - INFO -   2. 06-25 09:00: premarket_scan_9_00 (即将执行)
2025-06-25 06:45:56,123 - INFO -   3. 06-25 10:30: intraday_scan_10_30 (即将执行)
2025-06-25 06:45:56,124 - INFO -   4. 06-25 14:00: intraday_scan_14_00 (即将执行)
2025-06-25 06:45:56,124 - INFO -   5. 06-25 15:30: postmarket_scan_15_30 (即将执行)
2025-06-25 06:45:56,124 - INFO - ==================================================
2025-06-25 17:31:39,208 - INFO - ==================================================
2025-06-25 17:31:39,208 - INFO - 定时任务运行中... 北京时间: 2025-06-26 08:31:39
2025-06-25 17:31:39,209 - INFO - A股交易状态: 非交易时段
2025-06-25 17:31:39,209 - INFO - 港股交易状态: 非交易时段
2025-06-25 17:31:39,209 - INFO - 当前北京时间: 2025-06-26 08:31:39 CST
2025-06-25 17:31:39,209 - INFO - 即将执行的 5 个任务:
2025-06-25 17:31:39,210 - INFO -   1. 06-25 08:30: premarket_scan_8_30 (即将执行)
2025-06-25 17:31:39,210 - INFO -   2. 06-25 09:00: premarket_scan_9_00 (即将执行)
2025-06-25 17:31:39,210 - INFO -   3. 06-25 10:30: intraday_scan_10_30 (即将执行)
2025-06-25 17:31:39,210 - INFO -   4. 06-25 14:00: intraday_scan_14_00 (即将执行)
2025-06-25 17:31:39,210 - INFO -   5. 06-25 15:30: postmarket_scan_15_30 (即将执行)
2025-06-25 17:31:39,211 - INFO - ==================================================
2025-06-25 17:31:39,211 - INFO - ============================================================
2025-06-25 17:31:39,211 - INFO - 开始盘前早期扫描 (8:30)
2025-06-25 17:31:39,211 - INFO - ============================================================
2025-06-25 17:31:39,212 - INFO - 开始顺序运行A股和港股扫描 - 盘前早期扫描 (北京时间: 2025-06-26 08:31:39)
2025-06-25 17:31:39,212 - INFO - 开始运行A股扫描 - 盘前早期扫描 (北京时间: 2025-06-26 08:31:39)
2025-06-25 17:31:39,421 - ERROR - A股扫描失败 - 盘前早期扫描
2025-06-25 17:31:39,422 - ERROR - A股扫描错误: Traceback (most recent call last):
  File "D:\Cursor\Coral_Creek\scan_cn_signals_multi_thread_tushare.py", line 1, in <module>
    import pandas as pd
ModuleNotFoundError: No module named 'pandas'

2025-06-25 17:31:39,422 - INFO - A股扫描完成，等待3分钟后开始港股扫描...
2025-06-25 17:31:50,346 - INFO - ==================================================
2025-06-25 17:31:50,347 - INFO - 定时任务运行中... 北京时间: 2025-06-26 08:31:50
2025-06-25 17:31:50,347 - INFO - A股交易状态: 非交易时段
2025-06-25 17:31:50,348 - INFO - 港股交易状态: 非交易时段
2025-06-25 17:31:50,348 - INFO - 当前北京时间: 2025-06-26 08:31:50 CST
2025-06-25 17:31:50,348 - INFO - 即将执行的 5 个任务:
2025-06-25 17:31:50,349 - INFO -   1. 06-25 08:30: premarket_scan_8_30 (即将执行)
2025-06-25 17:31:50,349 - INFO -   2. 06-25 09:00: premarket_scan_9_00 (即将执行)
2025-06-25 17:31:50,349 - INFO -   3. 06-25 10:30: intraday_scan_10_30 (即将执行)
2025-06-25 17:31:50,349 - INFO -   4. 06-25 14:00: intraday_scan_14_00 (即将执行)
2025-06-25 17:31:50,350 - INFO -   5. 06-25 15:30: postmarket_scan_15_30 (即将执行)
2025-06-25 17:31:50,350 - INFO - ==================================================
2025-06-25 17:31:50,350 - INFO - ============================================================
2025-06-25 17:31:50,350 - INFO - 开始盘前早期扫描 (8:30)
2025-06-25 17:31:50,350 - INFO - ============================================================
2025-06-25 17:31:50,351 - INFO - 开始顺序运行A股和港股扫描 - 盘前早期扫描 (北京时间: 2025-06-26 08:31:50)
2025-06-25 17:31:50,351 - INFO - 开始运行A股扫描 - 盘前早期扫描 (北京时间: 2025-06-26 08:31:50)
2025-06-25 17:31:50,400 - ERROR - A股扫描失败 - 盘前早期扫描
2025-06-25 17:31:50,400 - ERROR - A股扫描错误: Traceback (most recent call last):
  File "D:\Cursor\Coral_Creek\scan_cn_signals_multi_thread_tushare.py", line 1, in <module>
    import pandas as pd
ModuleNotFoundError: No module named 'pandas'

2025-06-25 17:31:50,400 - INFO - A股扫描完成，等待3分钟后开始港股扫描...
2025-06-25 17:34:39,435 - INFO - 开始运行港股扫描 - 盘前早期扫描 (北京时间: 2025-06-26 08:34:39)
2025-06-25 17:34:39,533 - ERROR - 港股扫描失败 - 盘前早期扫描
2025-06-25 17:34:39,533 - ERROR - 港股扫描错误: Traceback (most recent call last):
  File "D:\Cursor\Coral_Creek\scan_hk_signals_multi_thread_tushare.py", line 1, in <module>
    import pandas as pd
ModuleNotFoundError: No module named 'pandas'

2025-06-25 17:34:39,533 - INFO - A股和港股扫描全部完成 - 盘前早期扫描
2025-06-25 17:34:39,534 - INFO - ============================================================
2025-06-25 17:34:39,534 - INFO - 开始盘前扫描 (9:00)
2025-06-25 17:34:39,534 - INFO - ============================================================
2025-06-25 17:34:39,534 - INFO - 开始并行运行A股和港股扫描 - 盘前扫描 (北京时间: 2025-06-26 08:34:39)
2025-06-25 17:34:39,535 - INFO - 开始运行A股扫描 - 盘前扫描 (北京时间: 2025-06-26 08:34:39)
2025-06-25 17:34:39,575 - ERROR - A股扫描失败 - 盘前扫描
2025-06-25 17:34:39,575 - ERROR - A股扫描错误: Traceback (most recent call last):
  File "D:\Cursor\Coral_Creek\scan_cn_signals_multi_thread_tushare.py", line 1, in <module>
    import pandas as pd
ModuleNotFoundError: No module named 'pandas'

2025-06-25 17:34:50,403 - INFO - 开始运行港股扫描 - 盘前早期扫描 (北京时间: 2025-06-26 08:34:50)
2025-06-25 17:34:50,474 - ERROR - 港股扫描失败 - 盘前早期扫描
2025-06-25 17:34:50,474 - ERROR - 港股扫描错误: Traceback (most recent call last):
  File "D:\Cursor\Coral_Creek\scan_hk_signals_multi_thread_tushare.py", line 1, in <module>
    import pandas as pd
ModuleNotFoundError: No module named 'pandas'

2025-06-25 17:34:50,475 - INFO - A股和港股扫描全部完成 - 盘前早期扫描
2025-06-25 17:34:50,475 - INFO - ============================================================
2025-06-25 17:34:50,475 - INFO - 开始盘前扫描 (9:00)
2025-06-25 17:34:50,475 - INFO - ============================================================
2025-06-25 17:34:50,475 - INFO - 开始并行运行A股和港股扫描 - 盘前扫描 (北京时间: 2025-06-26 08:34:50)
2025-06-25 17:34:50,476 - INFO - 开始运行A股扫描 - 盘前扫描 (北京时间: 2025-06-26 08:34:50)
2025-06-25 17:34:50,520 - ERROR - A股扫描失败 - 盘前扫描
2025-06-25 17:34:50,521 - ERROR - A股扫描错误: Traceback (most recent call last):
  File "D:\Cursor\Coral_Creek\scan_cn_signals_multi_thread_tushare.py", line 1, in <module>
    import pandas as pd
ModuleNotFoundError: No module named 'pandas'

2025-06-25 17:34:54,542 - INFO - 开始运行港股扫描 - 盘前扫描 (北京时间: 2025-06-26 08:34:54)
2025-06-25 17:34:54,593 - ERROR - 港股扫描失败 - 盘前扫描
2025-06-25 17:34:54,593 - ERROR - 港股扫描错误: Traceback (most recent call last):
  File "D:\Cursor\Coral_Creek\scan_hk_signals_multi_thread_tushare.py", line 1, in <module>
    import pandas as pd
ModuleNotFoundError: No module named 'pandas'

2025-06-25 17:34:54,593 - INFO - A股和港股扫描全部完成 - 盘前扫描
2025-06-25 17:34:54,594 - INFO - ============================================================
2025-06-25 17:34:54,594 - INFO - 开始盘中扫描 (10:30)
2025-06-25 17:34:54,594 - INFO - ============================================================
2025-06-25 17:34:54,594 - INFO - 开始并行运行A股和港股扫描 - 盘中扫描 (北京时间: 2025-06-26 08:34:54)
2025-06-25 17:34:54,594 - INFO - 开始运行A股扫描 - 盘中扫描 (北京时间: 2025-06-26 08:34:54)
2025-06-25 17:34:54,633 - ERROR - A股扫描失败 - 盘中扫描
2025-06-25 17:34:54,633 - ERROR - A股扫描错误: Traceback (most recent call last):
  File "D:\Cursor\Coral_Creek\scan_cn_signals_multi_thread_tushare.py", line 1, in <module>
    import pandas as pd
ModuleNotFoundError: No module named 'pandas'

2025-06-25 17:35:05,478 - INFO - 开始运行港股扫描 - 盘前扫描 (北京时间: 2025-06-26 08:35:05)
2025-06-25 17:35:05,545 - ERROR - 港股扫描失败 - 盘前扫描
2025-06-25 17:35:05,545 - ERROR - 港股扫描错误: Traceback (most recent call last):
  File "D:\Cursor\Coral_Creek\scan_hk_signals_multi_thread_tushare.py", line 1, in <module>
    import pandas as pd
ModuleNotFoundError: No module named 'pandas'

2025-06-25 17:35:05,545 - INFO - A股和港股扫描全部完成 - 盘前扫描
2025-06-25 17:35:05,545 - INFO - ============================================================
2025-06-25 17:35:05,546 - INFO - 开始盘中扫描 (10:30)
2025-06-25 17:35:05,546 - INFO - ============================================================
2025-06-25 17:35:05,546 - INFO - 开始并行运行A股和港股扫描 - 盘中扫描 (北京时间: 2025-06-26 08:35:05)
2025-06-25 17:35:05,546 - INFO - 开始运行A股扫描 - 盘中扫描 (北京时间: 2025-06-26 08:35:05)
2025-06-25 17:35:05,590 - ERROR - A股扫描失败 - 盘中扫描
2025-06-25 17:35:05,590 - ERROR - A股扫描错误: Traceback (most recent call last):
  File "D:\Cursor\Coral_Creek\scan_cn_signals_multi_thread_tushare.py", line 1, in <module>
    import pandas as pd
ModuleNotFoundError: No module named 'pandas'

2025-06-25 17:35:09,610 - INFO - 开始运行港股扫描 - 盘中扫描 (北京时间: 2025-06-26 08:35:09)
2025-06-25 17:35:09,660 - ERROR - 港股扫描失败 - 盘中扫描
2025-06-25 17:35:09,660 - ERROR - 港股扫描错误: Traceback (most recent call last):
  File "D:\Cursor\Coral_Creek\scan_hk_signals_multi_thread_tushare.py", line 1, in <module>
    import pandas as pd
ModuleNotFoundError: No module named 'pandas'

2025-06-25 17:35:09,660 - INFO - A股和港股扫描全部完成 - 盘中扫描
2025-06-25 17:35:09,660 - INFO - ============================================================
2025-06-25 17:35:09,661 - INFO - 开始下午盘中扫描 (14:00)
2025-06-25 17:35:09,661 - INFO - ============================================================
2025-06-25 17:35:09,661 - INFO - 开始并行运行A股和港股扫描 - 下午盘中扫描 (北京时间: 2025-06-26 08:35:09)
2025-06-25 17:35:09,661 - INFO - 开始运行A股扫描 - 下午盘中扫描 (北京时间: 2025-06-26 08:35:09)
2025-06-25 17:35:09,698 - ERROR - A股扫描失败 - 下午盘中扫描
2025-06-25 17:35:09,698 - ERROR - A股扫描错误: Traceback (most recent call last):
  File "D:\Cursor\Coral_Creek\scan_cn_signals_multi_thread_tushare.py", line 1, in <module>
    import pandas as pd
ModuleNotFoundError: No module named 'pandas'

2025-06-25 17:35:20,561 - INFO - 开始运行港股扫描 - 盘中扫描 (北京时间: 2025-06-26 08:35:20)
2025-06-25 17:35:20,623 - ERROR - 港股扫描失败 - 盘中扫描
2025-06-25 17:35:20,623 - ERROR - 港股扫描错误: Traceback (most recent call last):
  File "D:\Cursor\Coral_Creek\scan_hk_signals_multi_thread_tushare.py", line 1, in <module>
    import pandas as pd
ModuleNotFoundError: No module named 'pandas'

2025-06-25 17:35:20,623 - INFO - A股和港股扫描全部完成 - 盘中扫描
2025-06-25 17:35:20,625 - INFO - ============================================================
2025-06-25 17:35:20,625 - INFO - 开始下午盘中扫描 (14:00)
2025-06-25 17:35:20,625 - INFO - ============================================================
2025-06-25 17:35:20,625 - INFO - 开始并行运行A股和港股扫描 - 下午盘中扫描 (北京时间: 2025-06-26 08:35:20)
2025-06-25 17:35:20,625 - INFO - 开始运行A股扫描 - 下午盘中扫描 (北京时间: 2025-06-26 08:35:20)
2025-06-25 17:35:20,665 - ERROR - A股扫描失败 - 下午盘中扫描
2025-06-25 17:35:20,665 - ERROR - A股扫描错误: Traceback (most recent call last):
  File "D:\Cursor\Coral_Creek\scan_cn_signals_multi_thread_tushare.py", line 1, in <module>
    import pandas as pd
ModuleNotFoundError: No module named 'pandas'

2025-06-25 17:35:24,666 - INFO - 开始运行港股扫描 - 下午盘中扫描 (北京时间: 2025-06-26 08:35:24)
2025-06-25 17:35:24,707 - ERROR - 港股扫描失败 - 下午盘中扫描
2025-06-25 17:35:24,707 - ERROR - 港股扫描错误: Traceback (most recent call last):
  File "D:\Cursor\Coral_Creek\scan_hk_signals_multi_thread_tushare.py", line 1, in <module>
    import pandas as pd
ModuleNotFoundError: No module named 'pandas'

2025-06-25 17:35:24,708 - INFO - A股和港股扫描全部完成 - 下午盘中扫描
2025-06-25 17:35:24,708 - INFO - ============================================================
2025-06-25 17:35:24,708 - INFO - 开始盘后扫描 (15:30)
2025-06-25 17:35:24,708 - INFO - ============================================================
2025-06-25 17:35:24,708 - INFO - 开始顺序运行A股和港股扫描 - 盘后扫描 (北京时间: 2025-06-26 08:35:24)
2025-06-25 17:35:24,708 - INFO - 开始运行A股扫描 - 盘后扫描 (北京时间: 2025-06-26 08:35:24)
2025-06-25 17:35:24,749 - ERROR - A股扫描失败 - 盘后扫描
2025-06-25 17:35:24,749 - ERROR - A股扫描错误: Traceback (most recent call last):
  File "D:\Cursor\Coral_Creek\scan_cn_signals_multi_thread_tushare.py", line 1, in <module>
    import pandas as pd
ModuleNotFoundError: No module named 'pandas'

2025-06-25 17:35:24,749 - INFO - A股扫描完成，等待3分钟后开始港股扫描...
2025-06-25 17:35:35,640 - INFO - 开始运行港股扫描 - 下午盘中扫描 (北京时间: 2025-06-26 08:35:35)
2025-06-25 17:35:35,704 - ERROR - 港股扫描失败 - 下午盘中扫描
2025-06-25 17:35:35,705 - ERROR - 港股扫描错误: Traceback (most recent call last):
  File "D:\Cursor\Coral_Creek\scan_hk_signals_multi_thread_tushare.py", line 1, in <module>
    import pandas as pd
ModuleNotFoundError: No module named 'pandas'

2025-06-25 17:35:35,705 - INFO - A股和港股扫描全部完成 - 下午盘中扫描
2025-06-25 17:35:35,705 - INFO - ============================================================
2025-06-25 17:35:35,705 - INFO - 开始盘后扫描 (15:30)
2025-06-25 17:35:35,706 - INFO - ============================================================
2025-06-25 17:35:35,716 - INFO - 开始顺序运行A股和港股扫描 - 盘后扫描 (北京时间: 2025-06-26 08:35:35)
2025-06-25 17:35:35,717 - INFO - 开始运行A股扫描 - 盘后扫描 (北京时间: 2025-06-26 08:35:35)
2025-06-25 17:35:35,766 - ERROR - A股扫描失败 - 盘后扫描
2025-06-25 17:35:35,767 - ERROR - A股扫描错误: Traceback (most recent call last):
  File "D:\Cursor\Coral_Creek\scan_cn_signals_multi_thread_tushare.py", line 1, in <module>
    import pandas as pd
ModuleNotFoundError: No module named 'pandas'

2025-06-25 17:35:35,767 - INFO - A股扫描完成，等待3分钟后开始港股扫描...
2025-06-25 17:38:24,753 - INFO - 开始运行港股扫描 - 盘后扫描 (北京时间: 2025-06-26 08:38:24)
2025-06-25 17:38:24,964 - ERROR - 港股扫描失败 - 盘后扫描
2025-06-25 17:38:24,964 - ERROR - 港股扫描错误: Traceback (most recent call last):
  File "D:\Cursor\Coral_Creek\scan_hk_signals_multi_thread_tushare.py", line 1, in <module>
    import pandas as pd
ModuleNotFoundError: No module named 'pandas'

2025-06-25 17:38:24,964 - INFO - A股和港股扫描全部完成 - 盘后扫描
2025-06-25 17:38:24,965 - INFO - ============================================================
2025-06-25 17:38:24,965 - INFO - 开始盘后深度扫描 (16:30)
2025-06-25 17:38:24,965 - INFO - ============================================================
2025-06-25 17:38:24,965 - INFO - 开始并行运行A股和港股扫描 - 盘后深度扫描 (北京时间: 2025-06-26 08:38:24)
2025-06-25 17:38:24,966 - INFO - 开始运行A股扫描 - 盘后深度扫描 (北京时间: 2025-06-26 08:38:24)
2025-06-25 17:38:25,022 - ERROR - A股扫描失败 - 盘后深度扫描
2025-06-25 17:38:25,022 - ERROR - A股扫描错误: Traceback (most recent call last):
  File "D:\Cursor\Coral_Creek\scan_cn_signals_multi_thread_tushare.py", line 1, in <module>
    import pandas as pd
ModuleNotFoundError: No module named 'pandas'

2025-06-25 17:38:35,772 - INFO - 开始运行港股扫描 - 盘后扫描 (北京时间: 2025-06-26 08:38:35)
2025-06-25 17:38:35,818 - ERROR - 港股扫描失败 - 盘后扫描
2025-06-25 17:38:35,819 - ERROR - 港股扫描错误: Traceback (most recent call last):
  File "D:\Cursor\Coral_Creek\scan_hk_signals_multi_thread_tushare.py", line 1, in <module>
    import pandas as pd
ModuleNotFoundError: No module named 'pandas'

2025-06-25 17:38:35,819 - INFO - A股和港股扫描全部完成 - 盘后扫描
2025-06-25 17:38:35,820 - INFO - ============================================================
2025-06-25 17:38:35,820 - INFO - 开始盘后深度扫描 (16:30)
2025-06-25 17:38:35,820 - INFO - ============================================================
2025-06-25 17:38:35,821 - INFO - 开始并行运行A股和港股扫描 - 盘后深度扫描 (北京时间: 2025-06-26 08:38:35)
2025-06-25 17:38:35,821 - INFO - 开始运行A股扫描 - 盘后深度扫描 (北京时间: 2025-06-26 08:38:35)
2025-06-25 17:38:35,868 - ERROR - A股扫描失败 - 盘后深度扫描
2025-06-25 17:38:35,868 - ERROR - A股扫描错误: Traceback (most recent call last):
  File "D:\Cursor\Coral_Creek\scan_cn_signals_multi_thread_tushare.py", line 1, in <module>
    import pandas as pd
ModuleNotFoundError: No module named 'pandas'

2025-06-25 17:38:39,970 - INFO - 开始运行港股扫描 - 盘后深度扫描 (北京时间: 2025-06-26 08:38:39)
2025-06-25 17:38:40,012 - ERROR - 港股扫描失败 - 盘后深度扫描
2025-06-25 17:38:40,012 - ERROR - 港股扫描错误: Traceback (most recent call last):
  File "D:\Cursor\Coral_Creek\scan_hk_signals_multi_thread_tushare.py", line 1, in <module>
    import pandas as pd
ModuleNotFoundError: No module named 'pandas'

2025-06-25 17:38:40,012 - INFO - A股和港股扫描全部完成 - 盘后深度扫描
2025-06-25 17:38:50,836 - INFO - 开始运行港股扫描 - 盘后深度扫描 (北京时间: 2025-06-26 08:38:50)
2025-06-25 17:38:50,917 - ERROR - 港股扫描失败 - 盘后深度扫描
2025-06-25 17:38:50,917 - ERROR - 港股扫描错误: Traceback (most recent call last):
  File "D:\Cursor\Coral_Creek\scan_hk_signals_multi_thread_tushare.py", line 1, in <module>
    import pandas as pd
ModuleNotFoundError: No module named 'pandas'

2025-06-25 17:38:50,917 - INFO - A股和港股扫描全部完成 - 盘后深度扫描
2025-06-26 00:33:33,070 - INFO - ==================================================
2025-06-26 00:33:33,071 - INFO - 定时任务运行中... 北京时间: 2025-06-26 15:33:33
2025-06-26 00:33:33,072 - INFO - A股交易状态: 非交易时段
2025-06-26 00:33:33,072 - INFO - 港股交易状态: 港股下午交易时段
2025-06-26 00:33:33,073 - INFO - 当前北京时间: 2025-06-26 15:33:33 CST
2025-06-26 00:33:33,073 - INFO - 即将执行的 5 个任务:
2025-06-26 00:33:33,074 - INFO -   1. 06-26 08:30: premarket_scan_8_30 (即将执行)
2025-06-26 00:33:33,074 - INFO -   2. 06-26 09:00: premarket_scan_9_00 (即将执行)
2025-06-26 00:33:33,075 - INFO -   3. 06-26 10:30: intraday_scan_10_30 (即将执行)
2025-06-26 00:33:33,075 - INFO -   4. 06-26 14:00: intraday_scan_14_00 (即将执行)
2025-06-26 00:33:33,076 - INFO -   5. 06-26 15:30: postmarket_scan_15_30 (即将执行)
2025-06-26 00:33:33,076 - INFO - ==================================================
2025-06-26 00:33:43,996 - INFO - ==================================================
2025-06-26 00:33:43,996 - INFO - 定时任务运行中... 北京时间: 2025-06-26 15:33:43
2025-06-26 00:33:43,997 - INFO - A股交易状态: 非交易时段
2025-06-26 00:33:43,997 - INFO - 港股交易状态: 港股下午交易时段
2025-06-26 00:33:43,997 - INFO - 当前北京时间: 2025-06-26 15:33:43 CST
2025-06-26 00:33:43,998 - INFO - 即将执行的 5 个任务:
2025-06-26 00:33:43,998 - INFO -   1. 06-26 08:30: premarket_scan_8_30 (即将执行)
2025-06-26 00:33:43,998 - INFO -   2. 06-26 09:00: premarket_scan_9_00 (即将执行)
2025-06-26 00:33:43,998 - INFO -   3. 06-26 10:30: intraday_scan_10_30 (即将执行)
2025-06-26 00:33:43,998 - INFO -   4. 06-26 14:00: intraday_scan_14_00 (即将执行)
2025-06-26 00:33:43,999 - INFO -   5. 06-26 15:30: postmarket_scan_15_30 (即将执行)
2025-06-26 00:33:43,999 - INFO - ==================================================
2025-06-26 01:45:16,306 - INFO - ==================================================
2025-06-26 01:45:16,306 - INFO - 定时任务运行中... 北京时间: 2025-06-26 16:45:16
2025-06-26 01:45:16,307 - INFO - A股交易状态: 非交易时段
2025-06-26 01:45:16,307 - INFO - 港股交易状态: 非交易时段
2025-06-26 01:45:16,307 - INFO - 当前北京时间: 2025-06-26 16:45:16 CST
2025-06-26 01:45:16,307 - INFO - 即将执行的 5 个任务:
2025-06-26 01:45:16,308 - INFO -   1. 06-26 08:30: premarket_scan_8_30 (即将执行)
2025-06-26 01:45:16,308 - INFO -   2. 06-26 09:00: premarket_scan_9_00 (即将执行)
2025-06-26 01:45:16,308 - INFO -   3. 06-26 10:30: intraday_scan_10_30 (即将执行)
2025-06-26 01:45:16,308 - INFO -   4. 06-26 14:00: intraday_scan_14_00 (即将执行)
2025-06-26 01:45:16,308 - INFO -   5. 06-26 15:30: postmarket_scan_15_30 (即将执行)
2025-06-26 01:45:16,309 - INFO - ==================================================
2025-06-26 01:45:27,246 - INFO - ==================================================
2025-06-26 01:45:27,247 - INFO - 定时任务运行中... 北京时间: 2025-06-26 16:45:27
2025-06-26 01:45:27,248 - INFO - A股交易状态: 非交易时段
2025-06-26 01:45:27,249 - INFO - 港股交易状态: 非交易时段
2025-06-26 01:45:27,249 - INFO - 当前北京时间: 2025-06-26 16:45:27 CST
2025-06-26 01:45:27,250 - INFO - 即将执行的 5 个任务:
2025-06-26 01:45:27,251 - INFO -   1. 06-26 08:30: premarket_scan_8_30 (即将执行)
2025-06-26 01:45:27,251 - INFO -   2. 06-26 09:00: premarket_scan_9_00 (即将执行)
2025-06-26 01:45:27,252 - INFO -   3. 06-26 10:30: intraday_scan_10_30 (即将执行)
2025-06-26 01:45:27,252 - INFO -   4. 06-26 14:00: intraday_scan_14_00 (即将执行)
2025-06-26 01:45:27,253 - INFO -   5. 06-26 15:30: postmarket_scan_15_30 (即将执行)
2025-06-26 01:45:27,254 - INFO - ==================================================
2025-06-26 02:59:57,516 - INFO - ==================================================
2025-06-26 02:59:57,516 - INFO - 定时任务运行中... 北京时间: 2025-06-26 17:59:57
2025-06-26 02:59:57,517 - INFO - A股交易状态: 非交易时段
2025-06-26 02:59:57,517 - INFO - 港股交易状态: 非交易时段
2025-06-26 02:59:57,518 - INFO - 当前北京时间: 2025-06-26 17:59:57 CST
2025-06-26 02:59:57,518 - INFO - 即将执行的 5 个任务:
2025-06-26 02:59:57,518 - INFO -   1. 06-26 08:30: premarket_scan_8_30 (即将执行)
2025-06-26 02:59:57,518 - INFO -   2. 06-26 09:00: premarket_scan_9_00 (即将执行)
2025-06-26 02:59:57,519 - INFO -   3. 06-26 10:30: intraday_scan_10_30 (即将执行)
2025-06-26 02:59:57,519 - INFO -   4. 06-26 14:00: intraday_scan_14_00 (即将执行)
2025-06-26 02:59:57,519 - INFO -   5. 06-26 15:30: postmarket_scan_15_30 (即将执行)
2025-06-26 02:59:57,519 - INFO - ==================================================
2025-06-26 03:00:46,560 - INFO - ==================================================
2025-06-26 03:00:46,560 - INFO - 定时任务运行中... 北京时间: 2025-06-26 18:00:46
2025-06-26 03:00:46,561 - INFO - A股交易状态: 非交易时段
2025-06-26 03:00:46,561 - INFO - 港股交易状态: 非交易时段
2025-06-26 03:00:46,561 - INFO - 当前北京时间: 2025-06-26 18:00:46 CST
2025-06-26 03:00:46,561 - INFO - 即将执行的 5 个任务:
2025-06-26 03:00:46,562 - INFO -   1. 06-26 08:30: premarket_scan_8_30 (即将执行)
2025-06-26 03:00:46,562 - INFO -   2. 06-26 09:00: premarket_scan_9_00 (即将执行)
2025-06-26 03:00:46,562 - INFO -   3. 06-26 10:30: intraday_scan_10_30 (即将执行)
2025-06-26 03:00:46,562 - INFO -   4. 06-26 14:00: intraday_scan_14_00 (即将执行)
2025-06-26 03:00:46,563 - INFO -   5. 06-26 15:30: postmarket_scan_15_30 (即将执行)
2025-06-26 03:00:46,563 - INFO - ==================================================
2025-06-26 04:15:16,464 - INFO - ==================================================
2025-06-26 04:15:16,466 - INFO - 定时任务运行中... 北京时间: 2025-06-26 19:15:16
2025-06-26 04:15:16,467 - INFO - A股交易状态: 非交易时段
2025-06-26 04:15:16,468 - INFO - 港股交易状态: 非交易时段
2025-06-26 04:15:16,468 - INFO - 当前北京时间: 2025-06-26 19:15:16 CST
2025-06-26 04:15:16,469 - INFO - 即将执行的 5 个任务:
2025-06-26 04:15:16,469 - INFO -   1. 06-26 08:30: premarket_scan_8_30 (即将执行)
2025-06-26 04:15:16,470 - INFO -   2. 06-26 09:00: premarket_scan_9_00 (即将执行)
2025-06-26 04:15:16,470 - INFO -   3. 06-26 10:30: intraday_scan_10_30 (即将执行)
2025-06-26 04:15:16,471 - INFO -   4. 06-26 14:00: intraday_scan_14_00 (即将执行)
2025-06-26 04:15:16,471 - INFO -   5. 06-26 15:30: postmarket_scan_15_30 (即将执行)
2025-06-26 04:15:16,472 - INFO - ==================================================
2025-06-26 04:15:27,432 - INFO - ==================================================
2025-06-26 04:15:27,433 - INFO - 定时任务运行中... 北京时间: 2025-06-26 19:15:27
2025-06-26 04:15:27,434 - INFO - A股交易状态: 非交易时段
2025-06-26 04:15:27,435 - INFO - 港股交易状态: 非交易时段
2025-06-26 04:15:27,436 - INFO - 当前北京时间: 2025-06-26 19:15:27 CST
2025-06-26 04:15:27,436 - INFO - 即将执行的 5 个任务:
2025-06-26 04:15:27,437 - INFO -   1. 06-26 08:30: premarket_scan_8_30 (即将执行)
2025-06-26 04:15:27,437 - INFO -   2. 06-26 09:00: premarket_scan_9_00 (即将执行)
2025-06-26 04:15:27,438 - INFO -   3. 06-26 10:30: intraday_scan_10_30 (即将执行)
2025-06-26 04:15:27,439 - INFO -   4. 06-26 14:00: intraday_scan_14_00 (即将执行)
2025-06-26 04:15:27,439 - INFO -   5. 06-26 15:30: postmarket_scan_15_30 (即将执行)
2025-06-26 04:15:27,440 - INFO - ==================================================
2025-06-26 05:29:56,685 - INFO - ==================================================
2025-06-26 05:29:56,685 - INFO - 定时任务运行中... 北京时间: 2025-06-26 20:29:56
2025-06-26 05:29:56,686 - INFO - A股交易状态: 非交易时段
2025-06-26 05:29:56,686 - INFO - 港股交易状态: 非交易时段
2025-06-26 05:29:56,686 - INFO - 当前北京时间: 2025-06-26 20:29:56 CST
2025-06-26 05:29:56,686 - INFO - 即将执行的 5 个任务:
2025-06-26 05:29:56,687 - INFO -   1. 06-26 08:30: premarket_scan_8_30 (即将执行)
2025-06-26 05:29:56,687 - INFO -   2. 06-26 09:00: premarket_scan_9_00 (即将执行)
2025-06-26 05:29:56,687 - INFO -   3. 06-26 10:30: intraday_scan_10_30 (即将执行)
2025-06-26 05:29:56,688 - INFO -   4. 06-26 14:00: intraday_scan_14_00 (即将执行)
2025-06-26 05:29:56,688 - INFO -   5. 06-26 15:30: postmarket_scan_15_30 (即将执行)
2025-06-26 05:29:56,688 - INFO - ==================================================
2025-06-26 05:30:45,690 - INFO - ==================================================
2025-06-26 05:30:45,691 - INFO - 定时任务运行中... 北京时间: 2025-06-26 20:30:45
2025-06-26 05:30:45,692 - INFO - A股交易状态: 非交易时段
2025-06-26 05:30:45,692 - INFO - 港股交易状态: 非交易时段
2025-06-26 05:30:45,693 - INFO - 当前北京时间: 2025-06-26 20:30:45 CST
2025-06-26 05:30:45,693 - INFO - 即将执行的 5 个任务:
2025-06-26 05:30:45,694 - INFO -   1. 06-26 08:30: premarket_scan_8_30 (即将执行)
2025-06-26 05:30:45,695 - INFO -   2. 06-26 09:00: premarket_scan_9_00 (即将执行)
2025-06-26 05:30:45,695 - INFO -   3. 06-26 10:30: intraday_scan_10_30 (即将执行)
2025-06-26 05:30:45,696 - INFO -   4. 06-26 14:00: intraday_scan_14_00 (即将执行)
2025-06-26 05:30:45,696 - INFO -   5. 06-26 15:30: postmarket_scan_15_30 (即将执行)
2025-06-26 05:30:45,696 - INFO - ==================================================
2025-06-26 06:45:15,786 - INFO - ==================================================
2025-06-26 06:45:15,786 - INFO - 定时任务运行中... 北京时间: 2025-06-26 21:45:15
2025-06-26 06:45:15,786 - INFO - A股交易状态: 非交易时段
2025-06-26 06:45:15,787 - INFO - 港股交易状态: 非交易时段
2025-06-26 06:45:15,787 - INFO - 当前北京时间: 2025-06-26 21:45:15 CST
2025-06-26 06:45:15,787 - INFO - 即将执行的 5 个任务:
2025-06-26 06:45:15,787 - INFO -   1. 06-26 08:30: premarket_scan_8_30 (即将执行)
2025-06-26 06:45:15,787 - INFO -   2. 06-26 09:00: premarket_scan_9_00 (即将执行)
2025-06-26 06:45:15,788 - INFO -   3. 06-26 10:30: intraday_scan_10_30 (即将执行)
2025-06-26 06:45:15,788 - INFO -   4. 06-26 14:00: intraday_scan_14_00 (即将执行)
2025-06-26 06:45:15,788 - INFO -   5. 06-26 15:30: postmarket_scan_15_30 (即将执行)
2025-06-26 06:45:15,789 - INFO - ==================================================
2025-06-26 06:45:26,782 - INFO - ==================================================
2025-06-26 06:45:26,782 - INFO - 定时任务运行中... 北京时间: 2025-06-26 21:45:26
2025-06-26 06:45:26,783 - INFO - A股交易状态: 非交易时段
2025-06-26 06:45:26,783 - INFO - 港股交易状态: 非交易时段
2025-06-26 06:45:26,783 - INFO - 当前北京时间: 2025-06-26 21:45:26 CST
2025-06-26 06:45:26,784 - INFO - 即将执行的 5 个任务:
2025-06-26 06:45:26,784 - INFO -   1. 06-26 08:30: premarket_scan_8_30 (即将执行)
2025-06-26 06:45:26,784 - INFO -   2. 06-26 09:00: premarket_scan_9_00 (即将执行)
2025-06-26 06:45:26,784 - INFO -   3. 06-26 10:30: intraday_scan_10_30 (即将执行)
2025-06-26 06:45:26,784 - INFO -   4. 06-26 14:00: intraday_scan_14_00 (即将执行)
2025-06-26 06:45:26,785 - INFO -   5. 06-26 15:30: postmarket_scan_15_30 (即将执行)
2025-06-26 06:45:26,785 - INFO - ==================================================
2025-06-26 17:29:24,065 - INFO - ==================================================
2025-06-26 17:29:24,065 - INFO - 定时任务运行中... 北京时间: 2025-06-27 08:29:24
2025-06-26 17:29:24,066 - INFO - A股交易状态: 非交易时段
2025-06-26 17:29:24,066 - INFO - 港股交易状态: 非交易时段
2025-06-26 17:29:24,066 - INFO - 当前北京时间: 2025-06-27 08:29:24 CST
2025-06-26 17:29:24,066 - INFO - 即将执行的 5 个任务:
2025-06-26 17:29:24,067 - INFO -   1. 06-26 08:30: premarket_scan_8_30 (即将执行)
2025-06-26 17:29:24,067 - INFO -   2. 06-26 09:00: premarket_scan_9_00 (即将执行)
2025-06-26 17:29:24,067 - INFO -   3. 06-26 10:30: intraday_scan_10_30 (即将执行)
2025-06-26 17:29:24,067 - INFO -   4. 06-26 14:00: intraday_scan_14_00 (即将执行)
2025-06-26 17:29:24,068 - INFO -   5. 06-26 15:30: postmarket_scan_15_30 (即将执行)
2025-06-26 17:29:24,068 - INFO - ==================================================
2025-06-26 17:29:24,068 - INFO - ============================================================
2025-06-26 17:29:24,068 - INFO - 开始盘前早期扫描 (8:30)
2025-06-26 17:29:24,069 - INFO - ============================================================
2025-06-26 17:29:24,069 - INFO - 开始顺序运行A股和港股扫描 - 盘前早期扫描 (北京时间: 2025-06-27 08:29:24)
2025-06-26 17:29:24,069 - INFO - 开始运行A股扫描 - 盘前早期扫描 (北京时间: 2025-06-27 08:29:24)
2025-06-26 17:29:24,219 - ERROR - A股扫描失败 - 盘前早期扫描
2025-06-26 17:29:24,220 - ERROR - A股扫描错误: Traceback (most recent call last):
  File "D:\Cursor\Coral_Creek\scan_cn_signals_multi_thread_tushare.py", line 1, in <module>
    import pandas as pd
ModuleNotFoundError: No module named 'pandas'

2025-06-26 17:29:24,220 - INFO - A股扫描完成，等待3分钟后开始港股扫描...
2025-06-26 17:30:13,053 - INFO - ==================================================
2025-06-26 17:30:13,053 - INFO - 定时任务运行中... 北京时间: 2025-06-27 08:30:13
2025-06-26 17:30:13,054 - INFO - A股交易状态: 非交易时段
2025-06-26 17:30:13,054 - INFO - 港股交易状态: 非交易时段
2025-06-26 17:30:13,054 - INFO - 当前北京时间: 2025-06-27 08:30:13 CST
2025-06-26 17:30:13,054 - INFO - 即将执行的 5 个任务:
2025-06-26 17:30:13,055 - INFO -   1. 06-26 08:30: premarket_scan_8_30 (即将执行)
2025-06-26 17:30:13,055 - INFO -   2. 06-26 09:00: premarket_scan_9_00 (即将执行)
2025-06-26 17:30:13,055 - INFO -   3. 06-26 10:30: intraday_scan_10_30 (即将执行)
2025-06-26 17:30:13,056 - INFO -   4. 06-26 14:00: intraday_scan_14_00 (即将执行)
2025-06-26 17:30:13,056 - INFO -   5. 06-26 15:30: postmarket_scan_15_30 (即将执行)
2025-06-26 17:30:13,056 - INFO - ==================================================
2025-06-26 17:30:13,056 - INFO - ============================================================
2025-06-26 17:30:13,056 - INFO - 开始盘前早期扫描 (8:30)
2025-06-26 17:30:13,056 - INFO - ============================================================
2025-06-26 17:30:13,056 - INFO - 开始顺序运行A股和港股扫描 - 盘前早期扫描 (北京时间: 2025-06-27 08:30:13)
2025-06-26 17:30:13,057 - INFO - 开始运行A股扫描 - 盘前早期扫描 (北京时间: 2025-06-27 08:30:13)
2025-06-26 17:30:13,101 - ERROR - A股扫描失败 - 盘前早期扫描
2025-06-26 17:30:13,101 - ERROR - A股扫描错误: Traceback (most recent call last):
  File "D:\Cursor\Coral_Creek\scan_cn_signals_multi_thread_tushare.py", line 1, in <module>
    import pandas as pd
ModuleNotFoundError: No module named 'pandas'

2025-06-26 17:30:13,102 - INFO - A股扫描完成，等待3分钟后开始港股扫描...
2025-06-26 17:32:24,233 - INFO - 开始运行港股扫描 - 盘前早期扫描 (北京时间: 2025-06-27 08:32:24)
2025-06-26 17:32:24,333 - ERROR - 港股扫描失败 - 盘前早期扫描
2025-06-26 17:32:24,334 - ERROR - 港股扫描错误: Traceback (most recent call last):
  File "D:\Cursor\Coral_Creek\scan_hk_signals_multi_thread_tushare.py", line 1, in <module>
    import pandas as pd
ModuleNotFoundError: No module named 'pandas'

2025-06-26 17:32:24,334 - INFO - A股和港股扫描全部完成 - 盘前早期扫描
2025-06-26 17:32:24,334 - INFO - ============================================================
2025-06-26 17:32:24,335 - INFO - 开始盘前扫描 (9:00)
2025-06-26 17:32:24,335 - INFO - ============================================================
2025-06-26 17:32:24,335 - INFO - 开始并行运行A股和港股扫描 - 盘前扫描 (北京时间: 2025-06-27 08:32:24)
2025-06-26 17:32:24,336 - INFO - 开始运行A股扫描 - 盘前扫描 (北京时间: 2025-06-27 08:32:24)
2025-06-26 17:32:24,380 - ERROR - A股扫描失败 - 盘前扫描
2025-06-26 17:32:24,380 - ERROR - A股扫描错误: Traceback (most recent call last):
  File "D:\Cursor\Coral_Creek\scan_cn_signals_multi_thread_tushare.py", line 1, in <module>
    import pandas as pd
ModuleNotFoundError: No module named 'pandas'

2025-06-26 17:32:39,341 - INFO - 开始运行港股扫描 - 盘前扫描 (北京时间: 2025-06-27 08:32:39)
2025-06-26 17:32:39,405 - ERROR - 港股扫描失败 - 盘前扫描
2025-06-26 17:32:39,405 - ERROR - 港股扫描错误: Traceback (most recent call last):
  File "D:\Cursor\Coral_Creek\scan_hk_signals_multi_thread_tushare.py", line 1, in <module>
    import pandas as pd
ModuleNotFoundError: No module named 'pandas'

2025-06-26 17:32:39,406 - INFO - A股和港股扫描全部完成 - 盘前扫描
2025-06-26 17:32:39,406 - INFO - ============================================================
2025-06-26 17:32:39,406 - INFO - 开始盘中扫描 (10:30)
2025-06-26 17:32:39,406 - INFO - ============================================================
2025-06-26 17:32:39,406 - INFO - 开始并行运行A股和港股扫描 - 盘中扫描 (北京时间: 2025-06-27 08:32:39)
2025-06-26 17:32:39,407 - INFO - 开始运行A股扫描 - 盘中扫描 (北京时间: 2025-06-27 08:32:39)
2025-06-26 17:32:39,452 - ERROR - A股扫描失败 - 盘中扫描
2025-06-26 17:32:39,453 - ERROR - A股扫描错误: Traceback (most recent call last):
  File "D:\Cursor\Coral_Creek\scan_cn_signals_multi_thread_tushare.py", line 1, in <module>
    import pandas as pd
ModuleNotFoundError: No module named 'pandas'

2025-06-26 17:32:54,420 - INFO - 开始运行港股扫描 - 盘中扫描 (北京时间: 2025-06-27 08:32:54)
2025-06-26 17:32:54,483 - ERROR - 港股扫描失败 - 盘中扫描
2025-06-26 17:32:54,483 - ERROR - 港股扫描错误: Traceback (most recent call last):
  File "D:\Cursor\Coral_Creek\scan_hk_signals_multi_thread_tushare.py", line 1, in <module>
    import pandas as pd
ModuleNotFoundError: No module named 'pandas'

2025-06-26 17:32:54,483 - INFO - A股和港股扫描全部完成 - 盘中扫描
2025-06-26 17:32:54,484 - INFO - ============================================================
2025-06-26 17:32:54,484 - INFO - 开始下午盘中扫描 (14:00)
2025-06-26 17:32:54,484 - INFO - ============================================================
2025-06-26 17:32:54,484 - INFO - 开始并行运行A股和港股扫描 - 下午盘中扫描 (北京时间: 2025-06-27 08:32:54)
2025-06-26 17:32:54,485 - INFO - 开始运行A股扫描 - 下午盘中扫描 (北京时间: 2025-06-27 08:32:54)
2025-06-26 17:32:54,530 - ERROR - A股扫描失败 - 下午盘中扫描
2025-06-26 17:32:54,531 - ERROR - A股扫描错误: Traceback (most recent call last):
  File "D:\Cursor\Coral_Creek\scan_cn_signals_multi_thread_tushare.py", line 1, in <module>
    import pandas as pd
ModuleNotFoundError: No module named 'pandas'

2025-06-26 17:33:09,500 - INFO - 开始运行港股扫描 - 下午盘中扫描 (北京时间: 2025-06-27 08:33:09)
2025-06-26 17:33:09,564 - ERROR - 港股扫描失败 - 下午盘中扫描
2025-06-26 17:33:09,565 - ERROR - 港股扫描错误: Traceback (most recent call last):
  File "D:\Cursor\Coral_Creek\scan_hk_signals_multi_thread_tushare.py", line 1, in <module>
    import pandas as pd
ModuleNotFoundError: No module named 'pandas'

2025-06-26 17:33:09,565 - INFO - A股和港股扫描全部完成 - 下午盘中扫描
2025-06-26 17:33:09,565 - INFO - ============================================================
2025-06-26 17:33:09,565 - INFO - 开始盘后扫描 (15:30)
2025-06-26 17:33:09,566 - INFO - ============================================================
2025-06-26 17:33:09,566 - INFO - 开始顺序运行A股和港股扫描 - 盘后扫描 (北京时间: 2025-06-27 08:33:09)
2025-06-26 17:33:09,566 - INFO - 开始运行A股扫描 - 盘后扫描 (北京时间: 2025-06-27 08:33:09)
2025-06-26 17:33:09,611 - ERROR - A股扫描失败 - 盘后扫描
2025-06-26 17:33:09,612 - ERROR - A股扫描错误: Traceback (most recent call last):
  File "D:\Cursor\Coral_Creek\scan_cn_signals_multi_thread_tushare.py", line 1, in <module>
    import pandas as pd
ModuleNotFoundError: No module named 'pandas'

2025-06-26 17:33:09,612 - INFO - A股扫描完成，等待3分钟后开始港股扫描...
2025-06-26 17:33:13,116 - INFO - 开始运行港股扫描 - 盘前早期扫描 (北京时间: 2025-06-27 08:33:13)
2025-06-26 17:33:13,173 - ERROR - 港股扫描失败 - 盘前早期扫描
2025-06-26 17:33:13,174 - ERROR - 港股扫描错误: Traceback (most recent call last):
  File "D:\Cursor\Coral_Creek\scan_hk_signals_multi_thread_tushare.py", line 1, in <module>
    import pandas as pd
ModuleNotFoundError: No module named 'pandas'

2025-06-26 17:33:13,174 - INFO - A股和港股扫描全部完成 - 盘前早期扫描
2025-06-26 17:33:13,174 - INFO - ============================================================
2025-06-26 17:33:13,175 - INFO - 开始盘前扫描 (9:00)
2025-06-26 17:33:13,175 - INFO - ============================================================
2025-06-26 17:33:13,175 - INFO - 开始并行运行A股和港股扫描 - 盘前扫描 (北京时间: 2025-06-27 08:33:13)
2025-06-26 17:33:13,176 - INFO - 开始运行A股扫描 - 盘前扫描 (北京时间: 2025-06-27 08:33:13)
2025-06-26 17:33:13,216 - ERROR - A股扫描失败 - 盘前扫描
2025-06-26 17:33:13,216 - ERROR - A股扫描错误: Traceback (most recent call last):
  File "D:\Cursor\Coral_Creek\scan_cn_signals_multi_thread_tushare.py", line 1, in <module>
    import pandas as pd
ModuleNotFoundError: No module named 'pandas'

2025-06-26 17:33:28,189 - INFO - 开始运行港股扫描 - 盘前扫描 (北京时间: 2025-06-27 08:33:28)
2025-06-26 17:33:28,230 - ERROR - 港股扫描失败 - 盘前扫描
2025-06-26 17:33:28,231 - ERROR - 港股扫描错误: Traceback (most recent call last):
  File "D:\Cursor\Coral_Creek\scan_hk_signals_multi_thread_tushare.py", line 1, in <module>
    import pandas as pd
ModuleNotFoundError: No module named 'pandas'

2025-06-26 17:33:28,231 - INFO - A股和港股扫描全部完成 - 盘前扫描
2025-06-26 17:33:28,231 - INFO - ============================================================
2025-06-26 17:33:28,231 - INFO - 开始盘中扫描 (10:30)
2025-06-26 17:33:28,231 - INFO - ============================================================
2025-06-26 17:33:28,231 - INFO - 开始并行运行A股和港股扫描 - 盘中扫描 (北京时间: 2025-06-27 08:33:28)
2025-06-26 17:33:28,232 - INFO - 开始运行A股扫描 - 盘中扫描 (北京时间: 2025-06-27 08:33:28)
2025-06-26 17:33:28,273 - ERROR - A股扫描失败 - 盘中扫描
2025-06-26 17:33:28,273 - ERROR - A股扫描错误: Traceback (most recent call last):
  File "D:\Cursor\Coral_Creek\scan_cn_signals_multi_thread_tushare.py", line 1, in <module>
    import pandas as pd
ModuleNotFoundError: No module named 'pandas'

2025-06-26 17:33:43,234 - INFO - 开始运行港股扫描 - 盘中扫描 (北京时间: 2025-06-27 08:33:43)
2025-06-26 17:33:43,284 - ERROR - 港股扫描失败 - 盘中扫描
2025-06-26 17:33:43,284 - ERROR - 港股扫描错误: Traceback (most recent call last):
  File "D:\Cursor\Coral_Creek\scan_hk_signals_multi_thread_tushare.py", line 1, in <module>
    import pandas as pd
ModuleNotFoundError: No module named 'pandas'

2025-06-26 17:33:43,285 - INFO - A股和港股扫描全部完成 - 盘中扫描
2025-06-26 17:33:43,285 - INFO - ============================================================
2025-06-26 17:33:43,285 - INFO - 开始下午盘中扫描 (14:00)
2025-06-26 17:33:43,285 - INFO - ============================================================
2025-06-26 17:33:43,285 - INFO - 开始并行运行A股和港股扫描 - 下午盘中扫描 (北京时间: 2025-06-27 08:33:43)
2025-06-26 17:33:43,285 - INFO - 开始运行A股扫描 - 下午盘中扫描 (北京时间: 2025-06-27 08:33:43)
2025-06-26 17:33:43,324 - ERROR - A股扫描失败 - 下午盘中扫描
2025-06-26 17:33:43,324 - ERROR - A股扫描错误: Traceback (most recent call last):
  File "D:\Cursor\Coral_Creek\scan_cn_signals_multi_thread_tushare.py", line 1, in <module>
    import pandas as pd
ModuleNotFoundError: No module named 'pandas'

2025-06-26 17:33:58,297 - INFO - 开始运行港股扫描 - 下午盘中扫描 (北京时间: 2025-06-27 08:33:58)
2025-06-26 17:33:58,341 - ERROR - 港股扫描失败 - 下午盘中扫描
2025-06-26 17:33:58,341 - ERROR - 港股扫描错误: Traceback (most recent call last):
  File "D:\Cursor\Coral_Creek\scan_hk_signals_multi_thread_tushare.py", line 1, in <module>
    import pandas as pd
ModuleNotFoundError: No module named 'pandas'

2025-06-26 17:33:58,341 - INFO - A股和港股扫描全部完成 - 下午盘中扫描
2025-06-26 17:33:58,342 - INFO - ============================================================
2025-06-26 17:33:58,342 - INFO - 开始盘后扫描 (15:30)
2025-06-26 17:33:58,342 - INFO - ============================================================
2025-06-26 17:33:58,342 - INFO - 开始顺序运行A股和港股扫描 - 盘后扫描 (北京时间: 2025-06-27 08:33:58)
2025-06-26 17:33:58,342 - INFO - 开始运行A股扫描 - 盘后扫描 (北京时间: 2025-06-27 08:33:58)
2025-06-26 17:33:58,384 - ERROR - A股扫描失败 - 盘后扫描
2025-06-26 17:33:58,384 - ERROR - A股扫描错误: Traceback (most recent call last):
  File "D:\Cursor\Coral_Creek\scan_cn_signals_multi_thread_tushare.py", line 1, in <module>
    import pandas as pd
ModuleNotFoundError: No module named 'pandas'

2025-06-26 17:33:58,384 - INFO - A股扫描完成，等待3分钟后开始港股扫描...
2025-06-26 17:36:09,626 - INFO - 开始运行港股扫描 - 盘后扫描 (北京时间: 2025-06-27 08:36:09)
2025-06-26 17:36:09,699 - ERROR - 港股扫描失败 - 盘后扫描
2025-06-26 17:36:09,699 - ERROR - 港股扫描错误: Traceback (most recent call last):
  File "D:\Cursor\Coral_Creek\scan_hk_signals_multi_thread_tushare.py", line 1, in <module>
    import pandas as pd
ModuleNotFoundError: No module named 'pandas'

2025-06-26 17:36:09,699 - INFO - A股和港股扫描全部完成 - 盘后扫描
2025-06-26 17:36:09,699 - INFO - ============================================================
2025-06-26 17:36:09,700 - INFO - 开始盘后深度扫描 (16:30)
2025-06-26 17:36:09,700 - INFO - ============================================================
2025-06-26 17:36:09,701 - INFO - 开始并行运行A股和港股扫描 - 盘后深度扫描 (北京时间: 2025-06-27 08:36:09)
2025-06-26 17:36:09,701 - INFO - 开始运行A股扫描 - 盘后深度扫描 (北京时间: 2025-06-27 08:36:09)
2025-06-26 17:36:09,744 - ERROR - A股扫描失败 - 盘后深度扫描
2025-06-26 17:36:09,744 - ERROR - A股扫描错误: Traceback (most recent call last):
  File "D:\Cursor\Coral_Creek\scan_cn_signals_multi_thread_tushare.py", line 1, in <module>
    import pandas as pd
ModuleNotFoundError: No module named 'pandas'

2025-06-26 17:36:24,712 - INFO - 开始运行港股扫描 - 盘后深度扫描 (北京时间: 2025-06-27 08:36:24)
2025-06-26 17:36:24,758 - ERROR - 港股扫描失败 - 盘后深度扫描
2025-06-26 17:36:24,758 - ERROR - 港股扫描错误: Traceback (most recent call last):
  File "D:\Cursor\Coral_Creek\scan_hk_signals_multi_thread_tushare.py", line 1, in <module>
    import pandas as pd
ModuleNotFoundError: No module named 'pandas'

2025-06-26 17:36:24,758 - INFO - A股和港股扫描全部完成 - 盘后深度扫描
2025-06-26 17:36:58,393 - INFO - 开始运行港股扫描 - 盘后扫描 (北京时间: 2025-06-27 08:36:58)
2025-06-26 17:36:58,445 - ERROR - 港股扫描失败 - 盘后扫描
2025-06-26 17:36:58,445 - ERROR - 港股扫描错误: Traceback (most recent call last):
  File "D:\Cursor\Coral_Creek\scan_hk_signals_multi_thread_tushare.py", line 1, in <module>
    import pandas as pd
ModuleNotFoundError: No module named 'pandas'

2025-06-26 17:36:58,445 - INFO - A股和港股扫描全部完成 - 盘后扫描
2025-06-26 17:36:58,445 - INFO - ============================================================
2025-06-26 17:36:58,445 - INFO - 开始盘后深度扫描 (16:30)
2025-06-26 17:36:58,445 - INFO - ============================================================
2025-06-26 17:36:58,446 - INFO - 开始并行运行A股和港股扫描 - 盘后深度扫描 (北京时间: 2025-06-27 08:36:58)
2025-06-26 17:36:58,446 - INFO - 开始运行A股扫描 - 盘后深度扫描 (北京时间: 2025-06-27 08:36:58)
2025-06-26 17:36:58,486 - ERROR - A股扫描失败 - 盘后深度扫描
2025-06-26 17:36:58,486 - ERROR - A股扫描错误: Traceback (most recent call last):
  File "D:\Cursor\Coral_Creek\scan_cn_signals_multi_thread_tushare.py", line 1, in <module>
    import pandas as pd
ModuleNotFoundError: No module named 'pandas'

2025-06-26 17:37:13,458 - INFO - 开始运行港股扫描 - 盘后深度扫描 (北京时间: 2025-06-27 08:37:13)
2025-06-26 17:37:13,525 - ERROR - 港股扫描失败 - 盘后深度扫描
2025-06-26 17:37:13,525 - ERROR - 港股扫描错误: Traceback (most recent call last):
  File "D:\Cursor\Coral_Creek\scan_hk_signals_multi_thread_tushare.py", line 1, in <module>
    import pandas as pd
ModuleNotFoundError: No module named 'pandas'

2025-06-26 17:37:13,526 - INFO - A股和港股扫描全部完成 - 盘后深度扫描
2025-06-26 21:30:41,599 - INFO - ==================================================
2025-06-26 21:30:41,600 - INFO - 定时任务运行中... 北京时间: 2025-06-27 12:30:41
2025-06-26 21:30:41,600 - INFO - A股交易状态: 非交易时段
2025-06-26 21:30:41,600 - INFO - 港股交易状态: 非交易时段
2025-06-26 21:30:41,601 - INFO - 当前北京时间: 2025-06-27 12:30:41 CST
2025-06-26 21:30:41,601 - INFO - 即将执行的 5 个任务:
2025-06-26 21:30:41,601 - INFO -   1. 06-27 08:30: premarket_scan_8_30 (即将执行)
2025-06-26 21:30:41,601 - INFO -   2. 06-27 09:00: premarket_scan_9_00 (即将执行)
2025-06-26 21:30:41,601 - INFO -   3. 06-27 10:30: intraday_scan_10_30 (即将执行)
2025-06-26 21:30:41,601 - INFO -   4. 06-27 14:00: intraday_scan_14_00 (1小时后)
2025-06-26 21:30:41,601 - INFO -   5. 06-27 15:30: postmarket_scan_15_30 (2小时后)
2025-06-26 21:30:41,602 - INFO - ==================================================
