2025-01-02 22:58:30,950 - INFO - 启动定时任务...
2025-01-02 22:58:33,737 - INFO - 邮件发送成功
2025-01-02 22:58:33,737 - INFO - 定时任务已设置
2025-01-02 22:58:33,738 - INFO - - 盘前扫描时间: 美东时间 09:00 (开盘前30分钟)
2025-01-02 22:58:33,738 - INFO - - 盘后扫描时间: 美东时间 16:00 (收盘后)
2025-01-02 22:58:33,760 - INFO - 执行启动时扫描...
2025-01-02 22:58:33,761 - INFO - 开始运行盘前股票扫描...
2025-01-02 22:58:35,922 - ERROR - 盘前扫描出错: Command '['python', 'scan_signals_multi_thread_v2.py']' returned non-zero exit status 1.
2025-01-02 22:58:38,290 - INFO - 邮件发送成功
2025-01-02 22:59:38,278 - INFO - 启动定时任务...
2025-01-02 22:59:40,893 - INFO - 邮件发送成功
2025-01-02 22:59:40,893 - INFO - 定时任务已设置
2025-01-02 22:59:40,893 - INFO - - 盘前扫描时间: 美东时间 09:00 (开盘前30分钟)
2025-01-02 22:59:40,893 - INFO - - 盘后扫描时间: 美东时间 16:00 (收盘后)
2025-01-02 22:59:40,916 - INFO - 执行启动时扫描...
2025-01-02 22:59:40,917 - INFO - 开始运行盘前股票扫描...
2025-01-02 22:59:41,635 - ERROR - 盘前扫描出错: 扫描脚本返回错误码 1
错误信息:
Traceback (most recent call last):
  File "D:\Cursor\Coral_Creek\scan_signals_multi_thread_v2.py", line 13, in <module>
    from Stock_utils.stock_data_fetcher import StockDataFetcher
  File "D:\Cursor\Coral_Creek\Stock_utils\stock_data_fetcher.py", line 1, in <module>
    from polygon import RESTClient
ModuleNotFoundError: No module named 'polygon'

2025-01-02 22:59:43,726 - INFO - 邮件发送成功
2025-01-02 23:01:14,166 - INFO - 启动定时任务...
2025-01-02 23:01:17,065 - INFO - 邮件发送成功
2025-01-02 23:01:17,065 - INFO - 定时任务已设置
2025-01-02 23:01:17,066 - INFO - - 盘前扫描时间: 美东时间 09:00 (开盘前30分钟)
2025-01-02 23:01:17,066 - INFO - - 盘后扫描时间: 美东时间 16:00 (收盘后)
2025-01-02 23:01:17,088 - INFO - 执行启动时扫描...
2025-01-02 23:01:17,088 - INFO - 开始运行盘前股票扫描...
2025-01-02 23:01:17,812 - ERROR - 盘前扫描出错: 扫描脚本返回错误码 1
错误信息:
Traceback (most recent call last):
  File "D:\Cursor\Coral_Creek\scan_signals_multi_thread_v2.py", line 13, in <module>
    from Stock_utils.stock_data_fetcher import StockDataFetcher
  File "D:\Cursor\Coral_Creek\Stock_utils\stock_data_fetcher.py", line 1, in <module>
    from polygon import RESTClient
ModuleNotFoundError: No module named 'polygon'

2025-01-02 23:01:19,973 - INFO - 邮件发送成功
2025-01-02 23:03:00,670 - INFO - 启动定时任务...
2025-01-02 23:03:04,303 - INFO - 邮件发送成功
2025-01-02 23:03:04,303 - INFO - 定时任务已设置
2025-01-02 23:03:04,303 - INFO - - 盘前扫描时间: 美东时间 09:00 (开盘前30分钟)
2025-01-02 23:03:04,303 - INFO - - 盘后扫描时间: 美东时间 16:00 (收盘后)
2025-01-02 23:03:04,332 - INFO - 执行启动时扫描...
2025-01-02 23:03:04,333 - INFO - 开始运行盘前股票扫描...
2025-01-02 23:03:05,030 - ERROR - 盘前扫描出错: 扫描脚本返回错误码 1
错误信息:
Traceback (most recent call last):
  File "D:\Cursor\Coral_Creek\scan_signals_multi_thread_v2.py", line 13, in <module>
    from Stock_utils.stock_data_fetcher import StockDataFetcher
  File "D:\Cursor\Coral_Creek\Stock_utils\stock_data_fetcher.py", line 1, in <module>
    from polygon import RESTClient
ModuleNotFoundError: No module named 'polygon'

2025-01-02 23:03:07,217 - INFO - 邮件发送成功
2025-01-02 23:04:53,877 - INFO - 启动定时任务...
2025-01-02 23:04:56,637 - INFO - 邮件发送成功
2025-01-02 23:04:56,638 - INFO - 定时任务已设置
2025-01-02 23:04:56,639 - INFO - - 盘前扫描时间: 美东时间 09:00 (开盘前30分钟)
2025-01-02 23:04:56,640 - INFO - - 盘后扫描时间: 美东时间 16:00 (收盘后)
2025-01-02 23:04:56,677 - INFO - 执行启动时扫描...
2025-01-02 23:04:56,677 - INFO - 开始运行盘前股票扫描...
2025-01-02 23:16:25,049 - INFO - 邮件发送成功
2025-01-02 23:16:25,050 - INFO - 盘前扫描完成
2025-01-03 09:00:25,305 - INFO - 执行盘前扫描
2025-01-03 09:00:25,306 - INFO - 开始运行盘后股票扫描...
2025-01-03 09:11:08,214 - INFO - 邮件发送成功
2025-01-03 09:11:08,216 - INFO - 盘后扫描完成
2025-01-03 16:00:08,396 - INFO - 执行盘后扫描
2025-01-03 16:00:08,397 - INFO - 开始运行盘后股票扫描...
2025-01-03 16:11:35,510 - INFO - 邮件发送成功
2025-01-03 16:11:35,512 - INFO - 盘后扫描完成
2025-01-04 09:00:35,966 - INFO - 今天是周末，不运行扫描
2025-01-04 16:00:36,160 - INFO - 今天是周末，不运行扫描
2025-01-05 09:00:36,616 - INFO - 今天是周末，不运行扫描
2025-01-05 16:00:36,809 - INFO - 今天是周末，不运行扫描
2025-01-06 09:00:37,278 - INFO - 执行盘前扫描
2025-01-06 09:00:37,279 - INFO - 开始运行盘后股票扫描...
2025-01-06 09:10:33,324 - INFO - 邮件发送成功
2025-01-06 09:10:33,325 - INFO - 盘后扫描完成
2025-01-06 16:00:33,508 - INFO - 执行盘后扫描
2025-01-06 16:00:33,520 - INFO - 开始运行盘后股票扫描...
2025-01-06 16:10:51,047 - INFO - 邮件发送成功
2025-01-06 16:10:51,057 - INFO - 盘后扫描完成
2025-01-07 09:00:51,520 - INFO - 执行盘前扫描
2025-01-07 09:00:51,522 - INFO - 开始运行盘后股票扫描...
2025-01-07 09:12:18,402 - INFO - 邮件发送成功
2025-01-07 09:12:18,404 - INFO - 盘后扫描完成
2025-01-07 16:00:18,585 - INFO - 执行盘后扫描
2025-01-07 16:00:18,586 - INFO - 开始运行盘后股票扫描...
2025-01-07 16:11:12,730 - INFO - 邮件发送成功
2025-01-07 16:11:12,732 - INFO - 盘后扫描完成
2025-01-08 09:00:13,197 - INFO - 执行盘前扫描
2025-01-08 09:00:13,202 - INFO - 开始运行盘后股票扫描...
2025-01-08 09:13:12,690 - INFO - 邮件发送成功
2025-01-08 09:13:12,692 - INFO - 盘后扫描完成
